SF:lib\core\errors\api_results.dart
DA:10,72
DA:16,59
DA:19,2
DA:21,2
DA:22,2
DA:23,2
DA:24,2
DA:25,2
DA:28,6
LF:9
LH:9
end_of_record
SF:lib\core\errors\failures.dart
DA:6,59
DA:10,11
DA:12,10
DA:13,10
DA:14,10
DA:15,5
DA:18,6
DA:19,0
DA:20,6
DA:21,1
DA:22,6
DA:23,0
DA:27,6
DA:28,0
DA:32,6
DA:33,1
DA:37,5
DA:38,5
DA:41,0
DA:42,0
DA:46,0
DA:48,0
DA:51,0
DA:52,0
DA:53,0
DA:54,0
DA:55,0
DA:56,0
DA:57,0
DA:62,0
DA:63,0
DA:64,0
LF:32
LH:15
end_of_record
SF:lib\core\helpers\validators.dart
DA:6,1
DA:7,1
DA:9,1
DA:15,1
DA:16,1
DA:18,1
DA:24,1
DA:25,1
DA:27,1
DA:33,0
DA:38,0
DA:39,0
DA:40,0
DA:41,0
DA:43,0
DA:44,0
DA:45,0
DA:50,1
DA:54,1
DA:56,1
DA:58,1
DA:64,1
DA:65,1
DA:67,1
DA:73,0
DA:74,0
LF:26
LH:16
end_of_record
SF:lib\core\helpers\regex.dart
DA:2,1
DA:3,2
DA:6,1
DA:7,2
DA:10,1
DA:11,2
DA:14,0
DA:15,0
DA:18,1
DA:19,1
DA:21,1
LF:11
LH:9
end_of_record
SF:lib\core\l10n\translations\app_localizations.dart
DA:65,0
DA:66,0
DA:70,0
DA:71,0
DA:1047,1
DA:1049,0
DA:1051,0
DA:1054,0
DA:1056,0
DA:1058,0
DA:1062,0
DA:1064,0
DA:1065,0
DA:1066,0
DA:1067,0
DA:1068,0
DA:1071,0
LF:17
LH:1
end_of_record
SF:lib\core\l10n\translations\app_localizations_ar.dart
DA:9,0
DA:11,0
DA:14,0
DA:17,0
DA:20,0
DA:23,0
DA:26,0
DA:29,0
DA:32,0
DA:35,0
DA:38,0
DA:41,0
DA:44,0
DA:47,0
DA:50,0
DA:53,0
DA:56,0
DA:59,0
DA:62,0
DA:65,0
DA:68,0
DA:71,0
DA:74,0
DA:77,0
DA:80,0
DA:83,0
DA:86,0
DA:89,0
DA:92,0
DA:95,0
DA:98,0
DA:101,0
DA:104,0
DA:107,0
DA:110,0
DA:113,0
DA:116,0
DA:119,0
DA:122,0
DA:125,0
DA:128,0
DA:131,0
DA:134,0
DA:137,0
DA:140,0
DA:143,0
DA:146,0
DA:149,0
DA:152,0
DA:155,0
DA:158,0
DA:161,0
DA:164,0
DA:167,0
DA:170,0
DA:173,0
DA:176,0
DA:179,0
DA:182,0
DA:185,0
DA:188,0
DA:191,0
DA:194,0
DA:197,0
DA:200,0
DA:203,0
DA:206,0
DA:209,0
DA:212,0
DA:216,0
DA:219,0
DA:222,0
DA:226,0
DA:229,0
DA:232,0
DA:237,0
DA:240,0
DA:244,0
DA:247,0
DA:250,0
DA:253,0
DA:256,0
DA:259,0
DA:262,0
DA:265,0
DA:268,0
DA:271,0
DA:274,0
DA:277,0
DA:280,0
DA:283,0
DA:286,0
DA:289,0
DA:292,0
DA:295,0
DA:298,0
DA:301,0
DA:304,0
DA:307,0
DA:310,0
DA:313,0
DA:316,0
DA:319,0
DA:322,0
DA:325,0
DA:328,0
DA:331,0
DA:334,0
DA:337,0
DA:340,0
DA:343,0
DA:346,0
DA:349,0
DA:352,0
DA:355,0
DA:358,0
DA:361,0
DA:364,0
DA:367,0
DA:370,0
DA:373,0
DA:376,0
DA:379,0
DA:382,0
DA:385,0
DA:388,0
DA:391,0
DA:395,0
DA:398,0
DA:401,0
DA:404,0
DA:407,0
DA:411,0
DA:414,0
DA:417,0
DA:420,0
DA:423,0
DA:426,0
DA:429,0
DA:432,0
DA:435,0
DA:438,0
DA:441,0
DA:444,0
DA:447,0
DA:450,0
DA:453,0
DA:456,0
DA:459,0
DA:462,0
DA:465,0
DA:468,0
DA:471,0
DA:474,0
DA:477,0
DA:480,0
DA:483,0
DA:486,0
LF:158
LH:0
end_of_record
SF:lib\core\l10n\translations\app_localizations_en.dart
DA:9,0
DA:11,0
DA:14,0
DA:17,0
DA:20,0
DA:23,0
DA:26,0
DA:29,0
DA:32,0
DA:35,0
DA:38,0
DA:41,0
DA:44,0
DA:47,0
DA:50,0
DA:53,0
DA:56,0
DA:59,0
DA:62,0
DA:65,0
DA:68,0
DA:71,0
DA:74,0
DA:77,0
DA:80,0
DA:83,0
DA:86,0
DA:89,0
DA:92,0
DA:95,0
DA:98,0
DA:101,0
DA:104,0
DA:107,0
DA:110,0
DA:113,0
DA:116,0
DA:119,0
DA:122,0
DA:125,0
DA:128,0
DA:131,0
DA:134,0
DA:137,0
DA:140,0
DA:143,0
DA:146,0
DA:149,0
DA:152,0
DA:155,0
DA:158,0
DA:161,0
DA:164,0
DA:167,0
DA:170,0
DA:173,0
DA:176,0
DA:179,0
DA:182,0
DA:185,0
DA:188,0
DA:191,0
DA:194,0
DA:197,0
DA:200,0
DA:203,0
DA:206,0
DA:209,0
DA:212,0
DA:216,0
DA:219,0
DA:222,0
DA:226,0
DA:229,0
DA:232,0
DA:237,0
DA:240,0
DA:244,0
DA:247,0
DA:250,0
DA:253,0
DA:256,0
DA:259,0
DA:262,0
DA:265,0
DA:268,0
DA:271,0
DA:274,0
DA:277,0
DA:280,0
DA:283,0
DA:286,0
DA:289,0
DA:292,0
DA:295,0
DA:298,0
DA:301,0
DA:304,0
DA:307,0
DA:310,0
DA:313,0
DA:316,0
DA:319,0
DA:322,0
DA:325,0
DA:328,0
DA:331,0
DA:334,0
DA:337,0
DA:340,0
DA:343,0
DA:346,0
DA:349,0
DA:352,0
DA:355,0
DA:358,0
DA:361,0
DA:365,0
DA:368,0
DA:371,0
DA:374,0
DA:377,0
DA:380,0
DA:383,0
DA:386,0
DA:389,0
DA:392,0
DA:396,0
DA:399,0
DA:402,0
DA:405,0
DA:408,0
DA:412,0
DA:415,0
DA:418,0
DA:421,0
DA:424,0
DA:427,0
DA:430,0
DA:433,0
DA:436,0
DA:439,0
DA:442,0
DA:445,0
DA:448,0
DA:451,0
DA:454,0
DA:457,0
DA:460,0
DA:463,0
DA:466,0
DA:469,0
DA:472,0
DA:475,0
DA:478,0
DA:481,0
DA:484,0
DA:487,0
LF:158
LH:0
end_of_record
SF:lib\features\auth\forget_password\datasource\datasources\remote\email_verify_remote_datasource_impl.dart
DA:11,1
DA:13,1
DA:15,2
DA:16,3
LF:4
LH:4
end_of_record
SF:lib\core\network\api_services.g.dart
DA:12,0
DA:20,0
DA:22,0
DA:23,0
DA:24,0
DA:25,0
DA:26,0
DA:27,0
DA:28,0
DA:29,0
DA:30,0
DA:35,0
DA:37,0
DA:40,0
DA:42,0
DA:48,0
DA:50,0
DA:51,0
DA:52,0
DA:54,0
DA:55,0
DA:56,0
DA:57,0
DA:62,0
DA:64,0
DA:67,0
DA:69,0
DA:75,0
DA:77,0
DA:78,0
DA:79,0
DA:80,0
DA:81,0
DA:82,0
DA:83,0
DA:84,0
DA:85,0
DA:90,0
DA:92,0
DA:95,0
DA:97,0
DA:103,0
DA:105,0
DA:106,0
DA:107,0
DA:108,0
DA:109,0
DA:110,0
DA:111,0
DA:112,0
DA:113,0
DA:118,0
DA:120,0
DA:123,0
DA:125,0
DA:131,0
DA:133,0
DA:134,0
DA:135,0
DA:136,0
DA:137,0
DA:138,0
DA:139,0
DA:140,0
DA:141,0
DA:146,0
DA:148,0
DA:151,0
DA:153,0
DA:159,0
DA:161,0
DA:162,0
DA:163,0
DA:164,0
DA:165,0
DA:166,0
DA:167,0
DA:168,0
DA:169,0
DA:174,0
DA:176,0
DA:179,0
DA:181,0
DA:187,0
DA:189,0
DA:190,0
DA:191,0
DA:193,0
DA:194,0
DA:195,0
DA:196,0
DA:201,0
DA:203,0
DA:206,0
DA:208,0
DA:214,0
DA:216,0
DA:217,0
DA:218,0
DA:220,0
DA:221,0
DA:222,0
DA:223,0
DA:228,0
DA:230,0
DA:233,0
DA:235,0
DA:241,0
DA:246,0
DA:247,0
DA:248,0
DA:249,0
DA:250,0
DA:251,0
DA:252,0
DA:253,0
DA:254,0
DA:255,0
DA:259,0
DA:261,0
DA:264,0
DA:266,0
DA:272,0
DA:274,0
DA:275,0
DA:276,0
DA:278,0
DA:279,0
DA:280,0
DA:281,0
DA:282,0
DA:286,0
DA:288,0
DA:291,0
DA:293,0
DA:299,0
DA:301,0
DA:302,0
DA:303,0
DA:305,0
DA:306,0
DA:307,0
DA:308,0
DA:313,0
DA:315,0
DA:318,0
DA:320,0
DA:326,0
DA:328,0
DA:329,0
DA:330,0
DA:331,0
DA:333,0
DA:334,0
DA:335,0
DA:336,0
DA:341,0
DA:343,0
DA:346,0
DA:348,0
DA:354,0
DA:356,0
DA:357,0
DA:358,0
DA:360,0
DA:361,0
DA:362,0
DA:363,0
DA:368,0
DA:370,0
DA:373,0
DA:375,0
DA:381,0
DA:386,0
DA:387,0
DA:388,0
DA:389,0
DA:390,0
DA:391,0
DA:392,0
DA:393,0
DA:394,0
DA:395,0
DA:400,0
DA:402,0
DA:405,0
DA:407,0
DA:413,0
DA:415,0
DA:416,0
DA:417,0
DA:418,0
DA:419,0
DA:420,0
DA:421,0
DA:422,0
DA:423,0
DA:428,0
DA:430,0
DA:433,0
DA:435,0
DA:441,0
DA:443,0
DA:444,0
DA:445,0
DA:446,0
DA:447,0
DA:448,0
DA:450,0
DA:451,0
DA:452,0
DA:456,0
DA:457,0
DA:463,0
DA:464,0
DA:469,0
DA:471,0
DA:474,0
DA:476,0
DA:482,0
DA:486,0
DA:487,0
DA:488,0
DA:489,0
DA:490,0
DA:491,0
DA:492,0
DA:493,0
DA:494,0
DA:499,0
DA:501,0
DA:504,0
DA:506,0
DA:512,0
DA:516,0
DA:517,0
DA:518,0
DA:519,0
DA:520,0
DA:521,0
DA:522,0
DA:523,0
DA:524,0
DA:529,0
DA:531,0
DA:534,0
DA:536,0
DA:542,0
DA:544,0
DA:545,0
DA:546,0
DA:548,0
DA:549,0
DA:550,0
DA:551,0
DA:556,0
DA:558,0
DA:561,0
DA:563,0
DA:569,0
DA:571,0
DA:572,0
DA:573,0
DA:574,0
DA:575,0
DA:576,0
DA:577,0
DA:578,0
DA:579,0
DA:584,0
DA:586,0
DA:589,0
DA:591,0
DA:597,0
DA:599,0
DA:600,0
DA:601,0
DA:603,0
DA:604,0
DA:605,0
DA:606,0
DA:611,0
DA:613,0
DA:616,0
DA:618,0
DA:624,0
DA:629,0
DA:630,0
DA:631,0
DA:632,0
DA:633,0
DA:634,0
DA:635,0
DA:636,0
DA:637,0
DA:638,0
DA:643,0
DA:645,0
DA:648,0
DA:650,0
DA:656,0
DA:658,0
DA:659,0
DA:660,0
DA:661,0
DA:663,0
DA:664,0
DA:665,0
DA:666,0
DA:667,0
DA:671,0
DA:673,0
DA:676,0
DA:678,0
DA:684,0
DA:686,0
DA:687,0
DA:688,0
DA:689,0
DA:691,0
DA:692,0
DA:693,0
DA:694,0
DA:699,0
DA:701,0
DA:704,0
DA:706,0
DA:712,0
DA:714,0
DA:715,0
DA:716,0
DA:717,0
DA:719,0
DA:720,0
DA:721,0
DA:722,0
DA:727,0
DA:729,0
DA:732,0
DA:734,0
DA:740,0
DA:742,0
DA:743,0
DA:744,0
DA:745,0
DA:747,0
DA:748,0
DA:749,0
DA:750,0
DA:755,0
DA:757,0
DA:760,0
DA:762,0
DA:768,0
DA:770,0
DA:771,0
DA:772,0
DA:774,0
DA:775,0
DA:776,0
DA:777,0
DA:778,0
DA:782,0
DA:784,0
DA:787,0
DA:789,0
DA:795,0
DA:796,0
DA:797,0
DA:798,0
DA:799,0
DA:800,0
DA:802,0
DA:808,0
DA:809,0
DA:813,0
DA:815,0
DA:816,0
DA:819,0
LF:379
LH:0
end_of_record
SF:lib\features\auth\forget_password\datasource\models\email_verify_model.dart
DA:10,3
DA:12,0
DA:13,0
DA:16,0
DA:17,0
LF:5
LH:1
end_of_record
SF:lib\features\auth\forget_password\datasource\models\email_verify_model.g.dart
DA:9,0
DA:10,0
DA:12,0
DA:13,0
LF:4
LH:0
end_of_record
SF:lib\features\add_to_cart\data\model\add_product_body.dart
DA:5,3
DA:7,0
DA:8,0
DA:9,0
DA:10,0
DA:14,0
LF:6
LH:1
end_of_record
SF:lib\features\add_to_cart\data\model\add_product_respone.dart
DA:5,3
DA:7,0
DA:8,0
DA:9,0
DA:10,0
DA:14,0
DA:15,0
DA:16,0
LF:8
LH:1
end_of_record
SF:lib\features\address_details\data\models\request\add_new_address_request_dto.dart
DA:26,2
DA:35,0
DA:36,0
DA:38,0
DA:40,0
DA:41,0
LF:6
LH:1
end_of_record
SF:lib\features\address_details\data\models\request\add_new_address_request_dto.g.dart
DA:9,0
DA:11,0
DA:12,0
DA:13,0
DA:14,0
DA:15,0
DA:16,0
DA:17,0
DA:20,0
DA:22,0
DA:23,0
DA:24,0
DA:25,0
DA:26,0
DA:27,0
DA:28,0
LF:16
LH:0
end_of_record
SF:lib\features\address_details\data\models\response\addresses_response_dto.dart
DA:14,3
DA:16,0
DA:17,0
DA:20,0
DA:21,0
LF:5
LH:1
end_of_record
SF:lib\features\address_details\data\models\response\addresses_response_dto.g.dart
DA:9,0
DA:11,0
DA:12,0
DA:13,0
DA:14,0
DA:15,0
DA:18,0
DA:20,0
DA:21,0
DA:22,0
LF:10
LH:0
end_of_record
SF:lib\features\auth\change_password\data\models\request\change_password_request_dto.dart
DA:13,1
DA:15,0
DA:16,0
DA:18,0
DA:20,1
DA:21,3
LF:6
LH:3
end_of_record
SF:lib\features\auth\change_password\data\models\request\change_password_request_dto.g.dart
DA:9,0
DA:11,0
DA:12,0
DA:13,0
DA:16,0
DA:18,0
DA:19,0
DA:20,0
LF:8
LH:0
end_of_record
SF:lib\features\auth\change_password\data\models\response\change_password_response_dto.dart
DA:15,0
DA:17,0
DA:18,0
DA:21,0
DA:22,0
DA:25,0
DA:26,0
DA:28,2
DA:29,6
LF:9
LH:2
end_of_record
SF:lib\features\auth\change_password\data\models\response\change_password_response_dto.g.dart
DA:9,0
DA:11,0
DA:12,0
DA:13,0
DA:16,0
DA:18,0
LF:6
LH:0
end_of_record
SF:lib\features\auth\forget_password\datasource\models\forget_pass_model.dart
DA:12,3
DA:14,0
DA:15,0
DA:18,0
DA:19,0
LF:5
LH:1
end_of_record
SF:lib\features\auth\forget_password\datasource\models\forget_pass_model.g.dart
DA:9,0
DA:10,0
DA:11,0
DA:12,0
DA:15,0
DA:17,0
LF:6
LH:0
end_of_record
SF:lib\features\auth\forget_password\datasource\models\reset_pass_model.dart
DA:12,3
DA:14,0
DA:15,0
DA:18,0
DA:19,0
LF:5
LH:1
end_of_record
SF:lib\features\auth\forget_password\datasource\models\reset_pass_model.g.dart
DA:9,0
DA:10,0
DA:11,0
DA:12,0
DA:15,0
DA:16,0
LF:6
LH:0
end_of_record
SF:lib\features\auth\login\data\model\request\login_request_dto.dart
DA:11,2
DA:13,0
DA:14,0
DA:16,0
DA:18,2
DA:19,6
LF:6
LH:3
end_of_record
SF:lib\features\auth\login\data\model\request\login_request_dto.g.dart
DA:9,0
DA:10,0
DA:11,0
DA:12,0
DA:15,0
DA:16,0
LF:6
LH:0
end_of_record
SF:lib\features\auth\login\data\model\responce\login_responce_dto.dart
DA:12,2
DA:18,0
DA:19,0
DA:21,0
LF:4
LH:1
end_of_record
SF:lib\features\auth\login\data\model\responce\login_responce_dto.g.dart
DA:9,0
DA:10,0
DA:11,0
DA:12,0
DA:13,0
DA:16,0
DA:17,0
DA:18,0
DA:19,0
DA:20,0
LF:10
LH:0
end_of_record
SF:lib\features\auth\logout\data\models\logout_response_dto.dart
DA:11,3
DA:13,0
DA:14,0
DA:17,0
DA:18,0
DA:21,2
DA:22,4
LF:7
LH:3
end_of_record
SF:lib\features\auth\logout\data\models\logout_response_dto.g.dart
DA:9,0
DA:10,0
DA:12,0
DA:13,0
LF:4
LH:0
end_of_record
SF:lib\features\auth\register\data\model\register_body_dto.dart
DA:10,2
DA:20,0
DA:21,0
DA:22,0
DA:23,0
DA:24,0
DA:25,0
DA:26,0
DA:27,0
DA:28,0
DA:31,0
DA:32,0
DA:33,0
DA:34,0
DA:35,0
DA:36,0
DA:37,0
DA:38,0
LF:18
LH:1
end_of_record
SF:lib\features\auth\register\data\model\register_respone\register_respone_dto.dart
DA:10,2
DA:12,0
DA:13,0
DA:14,0
DA:15,0
DA:17,0
DA:18,0
DA:22,0
DA:23,0
DA:24,0
DA:25,0
DA:28,3
LF:12
LH:2
end_of_record
SF:lib\features\cart\data\models\delete_cart_item_respone\delete_cart_item_respone.dart
DA:8,4
DA:10,0
DA:11,0
DA:12,0
DA:13,0
DA:14,0
DA:16,0
DA:20,0
DA:21,0
DA:22,0
DA:23,0
LF:11
LH:1
end_of_record
SF:lib\features\cart\data\models\updeate_cart_prouduct_quantity_body.dart
DA:4,4
DA:6,0
DA:7,0
DA:10,0
LF:4
LH:1
end_of_record
SF:lib\features\cart\data\models\updeate_proudact_quantity_respone\updeate_proudact_quantity_respone.dart
DA:8,4
DA:14,0
DA:15,0
DA:16,0
DA:17,0
DA:18,0
DA:20,0
DA:24,0
DA:25,0
DA:26,0
DA:27,0
LF:11
LH:1
end_of_record
SF:lib\features\cart\data\models\user_cart\user_cart.dart
DA:10,2
DA:12,0
DA:13,0
DA:14,0
DA:15,0
DA:17,0
DA:20,0
DA:21,0
DA:22,0
DA:23,0
DA:26,1
DA:27,1
DA:28,1
DA:29,1
DA:30,2
LF:15
LH:6
end_of_record
SF:lib\features\categories\data\models\response\category_response.dart
DA:16,1
DA:18,0
DA:19,0
DA:22,0
DA:23,0
LF:5
LH:1
end_of_record
SF:lib\features\categories\data\models\response\category_response.g.dart
DA:9,0
DA:10,0
DA:11,0
DA:12,0
DA:14,0
DA:15,0
DA:16,0
DA:17,0
DA:20,0
DA:21,0
DA:22,0
DA:23,0
DA:24,0
LF:13
LH:0
end_of_record
SF:lib\features\categories\data\models\response\product_response.dart
DA:17,0
DA:19,0
DA:20,0
DA:23,0
DA:24,0
DA:27,0
DA:28,0
DA:29,0
DA:30,0
DA:31,0
LF:10
LH:0
end_of_record
SF:lib\features\categories\data\models\response\product_response.g.dart
DA:9,0
DA:10,0
DA:11,0
DA:12,0
DA:14,0
DA:15,0
DA:16,0
DA:17,0
DA:20,0
DA:21,0
DA:22,0
DA:23,0
DA:24,0
LF:13
LH:0
end_of_record
SF:lib\features\checkout\data\model\get_user_addreses_respone\get_user_addreses_respone.dart
DA:7,2
DA:9,0
DA:10,0
DA:11,0
DA:12,0
DA:13,0
DA:14,0
DA:18,0
DA:19,0
DA:20,0
LF:10
LH:1
end_of_record
SF:lib\features\edit_profile\data\models\response\edit_profile_response.dart
DA:15,1
DA:17,0
DA:18,0
DA:21,0
DA:22,0
DA:25,1
DA:26,1
DA:27,1
DA:28,2
LF:9
LH:5
end_of_record
SF:lib\features\edit_profile\data\models\response\edit_profile_response.g.dart
DA:9,0
DA:10,0
DA:11,0
DA:12,0
DA:14,0
DA:17,0
DA:19,0
LF:7
LH:0
end_of_record
SF:lib\features\edit_profile\data\models\response\upload_photo_response.dart
DA:11,1
DA:13,0
DA:14,0
DA:17,0
DA:18,0
DA:21,1
DA:22,2
LF:7
LH:3
end_of_record
SF:lib\features\edit_profile\data\models\response\upload_photo_response.g.dart
DA:9,0
DA:10,0
DA:12,0
DA:14,0
LF:4
LH:0
end_of_record
SF:lib\features\home_screen\data\model\home_response_dto.dart
DA:23,0
DA:31,0
DA:32,0
DA:34,0
DA:36,2
DA:37,2
DA:38,6
DA:39,6
DA:40,6
DA:41,6
DA:45,0
DA:46,0
LF:12
LH:6
end_of_record
SF:lib\features\home_screen\data\model\home_response_dto.g.dart
DA:9,0
DA:11,0
DA:12,0
DA:14,0
DA:15,0
DA:16,0
DA:17,0
DA:19,0
DA:20,0
DA:21,0
DA:22,0
DA:24,0
DA:25,0
DA:26,0
DA:28,0
DA:29,0
DA:31,0
DA:32,0
DA:33,0
DA:34,0
DA:37,0
DA:38,0
DA:39,0
DA:40,0
DA:41,0
DA:42,0
DA:43,0
LF:27
LH:0
end_of_record
SF:lib\features\occasions\data\models\occasions_response_dto.dart
DA:18,3
DA:20,0
DA:21,0
DA:24,0
DA:25,0
DA:28,4
DA:29,2
DA:30,3
DA:31,8
LF:9
LH:5
end_of_record
SF:lib\features\occasions\data\models\occasions_response_dto.g.dart
DA:9,0
DA:11,0
DA:12,0
DA:13,0
DA:15,0
DA:16,0
DA:17,0
DA:18,0
DA:21,0
DA:23,0
DA:24,0
DA:25,0
DA:26,0
LF:13
LH:0
end_of_record
SF:lib\features\orders\data\model\user_orders_respone\user_orders_respone.dart
DA:9,2
DA:11,0
DA:12,0
DA:13,0
DA:14,0
DA:16,0
DA:17,0
DA:18,0
DA:19,0
DA:23,0
DA:24,0
DA:25,0
DA:26,0
LF:13
LH:1
end_of_record
SF:lib\features\payment\data\model\request\payment_request_model_dto.dart
DA:9,3
DA:11,0
DA:12,0
DA:14,0
LF:4
LH:1
end_of_record
SF:lib\features\payment\data\model\request\payment_request_model_dto.g.dart
DA:9,0
DA:11,0
DA:12,0
DA:13,0
DA:17,0
DA:19,0
LF:6
LH:0
end_of_record
SF:lib\features\payment\data\model\responce\card_pay_responce\card_pay_responce_model_dto.dart
DA:10,2
DA:12,0
DA:13,0
DA:15,0
LF:4
LH:1
end_of_record
SF:lib\features\payment\data\model\responce\card_pay_responce\card_pay_responce_model_dto.g.dart
DA:9,0
DA:11,0
DA:12,0
DA:13,0
DA:14,0
DA:18,0
DA:20,0
DA:21,0
DA:22,0
LF:9
LH:0
end_of_record
SF:lib\features\payment\data\model\responce\cash_pay_responce\cash_pay_responce_model_dto.dart
DA:11,2
DA:13,0
DA:14,0
DA:16,0
LF:4
LH:1
end_of_record
SF:lib\features\payment\data\model\responce\cash_pay_responce\cash_pay_responce_model_dto.g.dart
DA:9,0
DA:11,0
DA:12,0
DA:13,0
DA:16,0
DA:18,0
LF:6
LH:0
end_of_record
SF:lib\features\products_detalis\data\model\get_specific_product_respone\get_specific_product_respone.dart
DA:10,2
DA:12,0
DA:13,0
DA:14,0
DA:15,0
DA:17,0
DA:21,0
DA:22,0
DA:23,0
LF:9
LH:1
end_of_record
SF:lib\features\profile\data\model\user_response_dto.dart
DA:10,2
DA:12,0
DA:13,0
DA:15,0
LF:4
LH:1
end_of_record
SF:lib\features\profile\data\model\user_response_dto.g.dart
DA:9,0
DA:11,0
DA:12,0
DA:13,0
DA:16,0
DA:18,0
LF:6
LH:0
end_of_record
SF:lib\features\saved_addresses\data\models\get_user_address_dto.dart
DA:13,2
DA:15,0
DA:16,0
DA:19,0
DA:20,0
LF:5
LH:1
end_of_record
SF:lib\features\saved_addresses\data\models\get_user_address_dto.g.dart
DA:9,0
DA:10,0
DA:11,0
DA:12,0
DA:13,0
DA:14,0
DA:17,0
DA:18,0
DA:19,0
DA:20,0
LF:10
LH:0
end_of_record
SF:lib\features\saved_addresses\data\models\user_address_dto.dart
DA:13,2
DA:15,0
DA:16,0
DA:19,0
DA:20,0
LF:5
LH:1
end_of_record
SF:lib\features\saved_addresses\data\models\user_address_dto.g.dart
DA:9,0
DA:10,0
DA:11,0
DA:12,0
DA:13,0
DA:14,0
DA:17,0
DA:18,0
LF:8
LH:0
end_of_record
SF:lib\features\search\data\models\reponse\search_response.dart
DA:17,1
DA:19,0
DA:20,0
DA:23,0
DA:24,0
DA:27,1
DA:28,1
DA:29,1
DA:30,1
DA:31,1
DA:32,0
DA:33,0
LF:12
LH:6
end_of_record
SF:lib\features\search\data\models\reponse\search_response.g.dart
DA:9,0
DA:10,0
DA:11,0
DA:12,0
DA:14,0
DA:15,0
DA:16,0
DA:17,0
DA:20,0
DA:21,0
DA:22,0
DA:23,0
DA:24,0
LF:13
LH:0
end_of_record
SF:lib\features\address_details\data\models\response\address_response_dto.dart
DA:22,3
DA:32,0
DA:33,0
DA:36,0
DA:37,0
LF:5
LH:1
end_of_record
SF:lib\features\address_details\data\models\response\address_response_dto.g.dart
DA:9,0
DA:10,0
DA:11,0
DA:12,0
DA:13,0
DA:14,0
DA:15,0
DA:16,0
DA:19,0
DA:20,0
DA:21,0
DA:22,0
DA:23,0
DA:24,0
DA:25,0
DA:26,0
DA:27,0
LF:17
LH:0
end_of_record
SF:lib\features\auth\change_password\domain\entities\change_password_response_entity.dart
DA:4,2
DA:9,0
DA:10,0
LF:3
LH:1
end_of_record
SF:lib\features\auth\login\data\model\responce\user_model_dto.dart
DA:22,0
DA:23,0
DA:25,0
DA:39,0
DA:41,2
DA:42,2
DA:43,2
DA:44,2
DA:45,2
DA:46,2
DA:47,2
DA:48,2
DA:49,2
DA:50,2
DA:54,0
DA:55,0
DA:56,0
DA:57,0
DA:58,0
DA:59,0
DA:60,0
DA:61,0
DA:62,0
DA:63,0
LF:24
LH:10
end_of_record
SF:lib\features\auth\login\data\model\responce\user_model_dto.g.dart
DA:9,0
DA:10,0
DA:11,0
DA:12,0
DA:13,0
DA:14,0
DA:15,0
DA:16,0
DA:17,0
DA:18,0
DA:19,0
DA:20,0
DA:23,0
DA:24,0
DA:25,0
DA:26,0
DA:27,0
DA:28,0
DA:29,0
DA:30,0
DA:31,0
DA:32,0
DA:33,0
DA:34,0
DA:35,0
LF:25
LH:0
end_of_record
SF:lib\features\auth\login\domain\entities\user_entitiy.dart
DA:13,2
DA:24,2
DA:25,2
DA:26,2
DA:27,2
DA:28,2
DA:29,2
DA:30,2
DA:31,2
DA:32,2
DA:33,2
LF:11
LH:11
end_of_record
SF:lib\features\auth\logout\domain\entities\logout_response_entity.dart
DA:2,4
LF:1
LH:1
end_of_record
SF:lib\features\auth\register\domin\entites\register_respone.dart
DA:4,4
LF:1
LH:1
end_of_record
SF:lib\features\auth\register\data\model\register_respone\user.dart
DA:14,2
DA:28,0
DA:29,0
DA:30,0
DA:31,0
DA:32,0
DA:33,0
DA:34,0
DA:35,0
DA:36,0
DA:37,0
DA:38,0
DA:39,0
DA:41,0
DA:44,0
DA:45,0
DA:46,0
DA:47,0
DA:48,0
DA:49,0
DA:50,0
DA:51,0
DA:52,0
DA:53,0
DA:54,0
DA:55,0
LF:26
LH:1
end_of_record
SF:lib\features\cart\data\models\user_cart\cart.dart
DA:15,2
DA:26,0
DA:27,0
DA:28,0
DA:29,0
DA:30,0
DA:31,0
DA:32,0
DA:33,0
DA:34,0
DA:36,0
DA:37,0
DA:39,0
DA:40,0
DA:43,0
DA:44,0
DA:45,0
DA:46,0
DA:47,0
DA:48,0
DA:49,0
DA:50,0
DA:51,0
DA:54,1
DA:55,1
DA:56,1
DA:57,1
DA:58,3
DA:59,1
DA:60,1
LF:30
LH:8
end_of_record
SF:lib\features\cart\domin\entities\cart.dart
DA:10,3
DA:18,0
DA:25,0
DA:26,0
DA:27,0
DA:28,0
DA:29,0
DA:30,0
LF:8
LH:1
end_of_record
SF:lib\features\cart\data\models\user_cart\cart_item_dto.dart
DA:11,0
DA:13,0
DA:14,0
DA:16,0
DA:17,0
DA:18,0
DA:19,0
DA:22,0
DA:23,0
DA:24,0
DA:25,0
DA:26,0
DA:29,0
DA:30,0
DA:31,0
DA:32,0
DA:33,0
DA:34,0
LF:18
LH:0
end_of_record
SF:lib\features\cart\domin\entities\cart_item.dart
DA:9,1
DA:11,0
DA:12,0
DA:13,0
DA:14,0
DA:15,0
DA:16,0
LF:7
LH:1
end_of_record
SF:lib\features\cart\data\models\user_cart\product.dart
DA:23,0
DA:44,0
DA:45,0
DA:46,0
DA:47,0
DA:48,0
DA:49,0
DA:50,0
DA:51,0
DA:52,0
DA:53,0
DA:54,0
DA:55,0
DA:56,0
DA:57,0
DA:58,0
DA:59,0
DA:60,0
DA:62,0
DA:63,0
DA:65,0
DA:66,0
DA:67,0
DA:68,0
DA:71,0
DA:72,0
DA:73,0
DA:74,0
DA:75,0
DA:76,0
DA:77,0
DA:78,0
DA:79,0
DA:80,0
DA:81,0
DA:82,0
DA:83,0
DA:84,0
DA:85,0
DA:86,0
DA:87,0
DA:88,0
DA:89,0
DA:92,0
DA:93,0
DA:94,0
DA:95,0
DA:96,0
DA:97,0
DA:98,0
DA:99,0
DA:100,0
DA:101,0
DA:102,0
DA:103,0
DA:104,0
LF:56
LH:0
end_of_record
SF:lib\features\cart\domin\entities\product.dart
DA:14,1
LF:1
LH:1
end_of_record
SF:lib\features\cart\domin\entities\user_cart.dart
DA:8,3
DA:14,0
DA:15,0
DA:16,0
DA:17,0
DA:18,0
LF:6
LH:1
end_of_record
SF:lib\features\categories\data\models\category_dto.dart
DA:25,1
DA:36,0
DA:37,0
DA:40,0
DA:41,0
DA:44,2
DA:45,1
DA:46,1
DA:47,1
DA:48,1
LF:10
LH:6
end_of_record
SF:lib\features\categories\data\models\category_dto.g.dart
DA:9,0
DA:10,0
DA:11,0
DA:12,0
DA:13,0
DA:14,0
DA:15,0
DA:16,0
DA:17,0
DA:18,0
DA:21,0
DA:22,0
DA:23,0
DA:24,0
DA:25,0
DA:26,0
DA:27,0
DA:28,0
DA:29,0
DA:30,0
LF:20
LH:0
end_of_record
SF:lib\features\categories\domain\entity\category_model.dart
DA:7,3
DA:14,0
DA:15,0
DA:16,0
DA:17,0
DA:18,0
DA:19,0
LF:7
LH:1
end_of_record
SF:lib\features\categories\data\models\metadata_dto.dart
DA:17,0
DA:19,0
DA:20,0
DA:23,0
DA:24,0
DA:27,0
DA:28,0
DA:29,0
DA:30,0
DA:31,0
DA:32,0
LF:11
LH:0
end_of_record
SF:lib\features\categories\data\models\metadata_dto.g.dart
DA:9,0
DA:10,0
DA:11,0
DA:12,0
DA:13,0
DA:16,0
DA:17,0
DA:18,0
DA:19,0
DA:20,0
DA:21,0
LF:11
LH:0
end_of_record
SF:lib\features\categories\domain\entity\metadata_entity.dart
DA:7,0
LF:1
LH:0
end_of_record
SF:lib\features\categories\data\models\products_dto.dart
DA:45,0
DA:66,0
DA:67,0
DA:70,0
DA:71,0
DA:74,0
DA:75,0
DA:76,0
DA:77,0
DA:78,0
DA:79,0
DA:80,0
DA:81,0
DA:82,0
DA:83,0
DA:84,0
DA:85,0
DA:86,0
DA:87,0
DA:88,0
DA:89,0
DA:90,0
DA:91,0
DA:92,0
LF:24
LH:0
end_of_record
SF:lib\features\categories\data\models\products_dto.g.dart
DA:9,0
DA:10,0
DA:11,0
DA:12,0
DA:13,0
DA:14,0
DA:15,0
DA:16,0
DA:17,0
DA:18,0
DA:19,0
DA:20,0
DA:21,0
DA:22,0
DA:23,0
DA:24,0
DA:25,0
DA:26,0
DA:27,0
DA:30,0
DA:31,0
DA:32,0
DA:33,0
DA:34,0
DA:35,0
DA:36,0
DA:37,0
DA:38,0
DA:39,0
DA:40,0
DA:41,0
DA:42,0
DA:43,0
DA:44,0
DA:45,0
DA:46,0
DA:47,0
DA:48,0
DA:49,0
LF:39
LH:0
end_of_record
SF:lib\features\categories\domain\entity\products_entity.dart
DA:21,0
LF:1
LH:0
end_of_record
SF:lib\features\categories\domain\entity\product_response_entity.dart
DA:10,0
LF:1
LH:0
end_of_record
SF:lib\features\checkout\data\model\get_user_addreses_respone\address.dart
DA:12,1
DA:22,0
DA:23,0
DA:24,0
DA:25,0
DA:26,0
DA:27,0
DA:28,0
DA:29,0
DA:32,0
DA:33,0
DA:34,0
DA:35,0
DA:36,0
DA:37,0
DA:38,0
DA:39,0
DA:42,2
DA:43,1
DA:44,1
DA:45,1
DA:46,1
DA:47,1
DA:48,1
DA:49,1
LF:25
LH:9
end_of_record
SF:lib\features\checkout\domin\entities\address.dart
DA:10,3
LF:1
LH:1
end_of_record
SF:lib\features\edit_profile\data\models\user_dto.dart
DA:39,1
DA:57,0
DA:58,0
DA:61,0
DA:62,0
DA:65,1
DA:66,1
DA:67,1
DA:68,1
DA:69,1
DA:70,1
DA:71,1
DA:72,1
DA:73,1
DA:74,1
DA:75,1
DA:76,1
DA:77,1
DA:78,1
DA:79,1
DA:80,1
DA:81,1
LF:22
LH:18
end_of_record
SF:lib\features\edit_profile\data\models\user_dto.g.dart
DA:9,0
DA:10,0
DA:11,0
DA:12,0
DA:13,0
DA:14,0
DA:15,0
DA:16,0
DA:17,0
DA:18,0
DA:19,0
DA:20,0
DA:21,0
DA:22,0
DA:23,0
DA:24,0
DA:27,0
DA:28,0
DA:29,0
DA:30,0
DA:31,0
DA:32,0
DA:33,0
DA:34,0
DA:35,0
DA:36,0
DA:37,0
DA:38,0
DA:39,0
DA:40,0
DA:41,0
DA:42,0
LF:32
LH:0
end_of_record
SF:lib\features\edit_profile\domain\entity\edit_profile_response_entity.dart
DA:7,4
LF:1
LH:1
end_of_record
SF:lib\features\edit_profile\domain\entity\user_dto_entity.dart
DA:18,4
LF:1
LH:1
end_of_record
SF:lib\features\edit_profile\domain\entity\upload_photo_entity.dart
DA:4,3
LF:1
LH:1
end_of_record
SF:lib\features\home_screen\data\model\best_saller_response_dto.dart
DA:29,0
DA:50,0
DA:51,0
DA:53,0
DA:55,1
DA:56,1
DA:57,1
DA:58,1
DA:59,1
DA:60,1
DA:61,1
DA:62,1
DA:63,1
DA:64,1
DA:65,1
DA:69,0
DA:70,0
DA:71,0
DA:72,0
DA:73,0
DA:74,0
DA:75,0
DA:76,0
DA:77,0
DA:78,0
DA:79,0
LF:26
LH:11
end_of_record
SF:lib\features\home_screen\data\model\best_saller_response_dto.g.dart
DA:9,0
DA:11,0
DA:12,0
DA:13,0
DA:14,0
DA:15,0
DA:16,0
DA:17,0
DA:18,0
DA:20,0
DA:22,0
DA:23,0
DA:24,0
DA:25,0
DA:26,0
DA:27,0
DA:28,0
DA:29,0
DA:30,0
DA:31,0
DA:34,0
DA:36,0
DA:37,0
DA:38,0
DA:39,0
DA:40,0
DA:41,0
DA:42,0
DA:43,0
DA:44,0
DA:45,0
DA:46,0
DA:47,0
DA:48,0
DA:49,0
DA:50,0
DA:51,0
DA:52,0
DA:53,0
DA:54,0
LF:40
LH:0
end_of_record
SF:lib\features\home_screen\domain\entities\best_saller_entity.dart
DA:14,1
DA:26,2
DA:27,2
DA:28,2
DA:29,2
DA:30,2
DA:31,2
DA:32,2
DA:33,2
DA:34,2
DA:35,2
DA:36,2
LF:12
LH:12
end_of_record
SF:lib\features\home_screen\data\model\category_response_dto.dart
DA:17,0
DA:27,0
DA:28,0
DA:30,0
DA:32,1
DA:33,4
DA:36,0
DA:37,0
LF:8
LH:2
end_of_record
SF:lib\features\home_screen\data\model\category_response_dto.g.dart
DA:9,0
DA:10,0
DA:11,0
DA:12,0
DA:13,0
DA:14,0
DA:15,0
DA:16,0
DA:17,0
DA:20,0
DA:22,0
DA:23,0
DA:24,0
DA:25,0
DA:26,0
DA:27,0
DA:28,0
DA:29,0
LF:18
LH:0
end_of_record
SF:lib\features\home_screen\domain\entities\category_entity.dart
DA:8,1
DA:10,2
DA:11,8
LF:3
LH:3
end_of_record
SF:lib\features\home_screen\data\model\occasion_response_dto.dart
DA:17,0
DA:27,0
DA:28,0
DA:30,0
DA:32,1
DA:33,4
DA:36,0
DA:37,0
LF:8
LH:2
end_of_record
SF:lib\features\home_screen\data\model\occasion_response_dto.g.dart
DA:9,0
DA:10,0
DA:11,0
DA:12,0
DA:13,0
DA:14,0
DA:15,0
DA:16,0
DA:17,0
DA:20,0
DA:22,0
DA:23,0
DA:24,0
DA:25,0
DA:26,0
DA:27,0
DA:28,0
DA:29,0
LF:18
LH:0
end_of_record
SF:lib\features\home_screen\data\model\product_response_dto.dart
DA:27,0
DA:48,0
DA:49,0
DA:51,0
DA:53,1
DA:54,1
DA:55,1
DA:56,1
DA:57,1
DA:58,1
DA:59,1
DA:60,1
DA:61,1
DA:62,1
DA:63,1
DA:67,0
DA:69,0
DA:70,0
DA:71,0
DA:72,0
DA:73,0
DA:74,0
DA:75,0
DA:76,0
DA:77,0
DA:78,0
LF:26
LH:11
end_of_record
SF:lib\features\home_screen\data\model\product_response_dto.g.dart
DA:9,0
DA:10,0
DA:11,0
DA:12,0
DA:13,0
DA:14,0
DA:15,0
DA:16,0
DA:17,0
DA:18,0
DA:20,0
DA:21,0
DA:22,0
DA:24,0
DA:25,0
DA:26,0
DA:27,0
DA:28,0
DA:29,0
DA:30,0
DA:31,0
DA:32,0
DA:35,0
DA:36,0
DA:37,0
DA:38,0
DA:39,0
DA:40,0
DA:41,0
DA:42,0
DA:43,0
DA:44,0
DA:45,0
DA:46,0
DA:47,0
DA:48,0
DA:49,0
DA:50,0
DA:51,0
DA:52,0
DA:53,0
DA:54,0
LF:42
LH:0
end_of_record
SF:lib\features\home_screen\domain\entities\home_entity.dart
DA:13,2
DA:20,1
DA:21,1
DA:22,1
DA:23,1
DA:24,1
DA:25,1
LF:7
LH:7
end_of_record
SF:lib\features\home_screen\domain\entities\occasion_entity.dart
DA:8,1
DA:10,2
DA:11,8
LF:3
LH:3
end_of_record
SF:lib\features\home_screen\domain\entities\product_entity.dart
DA:14,1
DA:26,2
DA:27,2
DA:28,2
DA:29,2
DA:30,2
DA:31,2
DA:32,2
DA:33,2
DA:34,2
DA:35,2
DA:36,2
LF:12
LH:12
end_of_record
SF:lib\features\occasions\data\models\metadata_dto.dart
DA:17,1
DA:19,0
DA:20,0
DA:23,0
DA:24,0
DA:27,2
DA:28,1
DA:29,1
DA:30,1
DA:31,1
LF:10
LH:6
end_of_record
SF:lib\features\occasions\data\models\metadata_dto.g.dart
DA:9,0
DA:10,0
DA:11,0
DA:12,0
DA:13,0
DA:16,0
DA:17,0
DA:18,0
DA:19,0
DA:20,0
DA:21,0
LF:11
LH:0
end_of_record
SF:lib\features\occasions\domain\entities\metadata_entity.dart
DA:7,1
LF:1
LH:1
end_of_record
SF:lib\features\occasions\data\models\products_dto.dart
DA:45,3
DA:66,0
DA:67,0
DA:70,0
DA:71,0
DA:74,4
DA:75,2
DA:76,2
DA:77,2
DA:78,2
DA:79,2
DA:80,2
DA:81,2
DA:82,2
DA:83,2
DA:84,2
DA:85,2
DA:86,2
DA:87,2
DA:88,2
DA:89,2
DA:90,2
DA:91,2
DA:92,2
LF:24
LH:20
end_of_record
SF:lib\features\occasions\data\models\products_dto.g.dart
DA:9,0
DA:10,0
DA:11,0
DA:12,0
DA:13,0
DA:14,0
DA:15,0
DA:16,0
DA:17,0
DA:18,0
DA:19,0
DA:20,0
DA:21,0
DA:22,0
DA:23,0
DA:24,0
DA:25,0
DA:26,0
DA:27,0
DA:30,0
DA:31,0
DA:32,0
DA:33,0
DA:34,0
DA:35,0
DA:36,0
DA:37,0
DA:38,0
DA:39,0
DA:40,0
DA:41,0
DA:42,0
DA:43,0
DA:44,0
DA:45,0
DA:46,0
DA:47,0
DA:48,0
DA:49,0
LF:39
LH:0
end_of_record
SF:lib\features\occasions\domain\entities\occasions_response_entity.dart
DA:10,4
LF:1
LH:1
end_of_record
SF:lib\features\occasions\domain\entities\products_entity.dart
DA:21,4
LF:1
LH:1
end_of_record
SF:lib\features\orders\data\model\user_orders_respone\metadata.dart
DA:7,0
DA:9,0
DA:10,0
DA:11,0
DA:12,0
DA:13,0
DA:16,0
DA:17,0
DA:18,0
DA:19,0
DA:20,0
LF:11
LH:0
end_of_record
SF:lib\features\orders\data\model\user_orders_respone\order_dto.dart
DA:19,0
DA:34,0
DA:35,0
DA:36,0
DA:37,0
DA:38,0
DA:39,0
DA:40,0
DA:41,0
DA:42,0
DA:43,0
DA:44,0
DA:45,0
DA:47,0
DA:48,0
DA:50,0
DA:51,0
DA:52,0
DA:55,0
DA:56,0
DA:57,0
DA:58,0
DA:59,0
DA:60,0
DA:61,0
DA:62,0
DA:63,0
DA:64,0
DA:65,0
DA:66,0
DA:67,0
DA:70,0
DA:71,0
DA:72,0
DA:73,0
DA:74,0
DA:75,0
DA:76,0
DA:77,0
DA:78,0
DA:79,0
DA:80,0
DA:81,0
DA:82,0
LF:44
LH:0
end_of_record
SF:lib\features\orders\domin\entites\order.dart
DA:17,1
LF:1
LH:1
end_of_record
SF:lib\features\orders\data\model\user_orders_respone\order_item_dto.dart
DA:11,0
DA:13,0
DA:14,0
DA:16,0
DA:17,0
DA:18,0
DA:19,0
DA:22,0
DA:23,0
DA:24,0
DA:25,0
DA:26,0
DA:29,0
DA:30,0
DA:31,0
DA:32,0
DA:33,0
LF:17
LH:0
end_of_record
SF:lib\features\orders\domin\entites\order_item.dart
DA:9,0
LF:1
LH:0
end_of_record
SF:lib\features\orders\data\model\user_orders_respone\product_dto.dart
DA:23,0
DA:44,0
DA:45,0
DA:46,0
DA:47,0
DA:48,0
DA:49,0
DA:50,0
DA:51,0
DA:52,0
DA:53,0
DA:54,0
DA:56,0
DA:57,0
DA:58,0
DA:59,0
DA:60,0
DA:61,0
DA:63,0
DA:64,0
DA:66,0
DA:67,0
DA:68,0
DA:69,0
DA:72,0
DA:73,0
DA:74,0
DA:75,0
DA:76,0
DA:77,0
DA:78,0
DA:79,0
DA:80,0
DA:81,0
DA:82,0
DA:83,0
DA:84,0
DA:85,0
DA:86,0
DA:87,0
DA:88,0
DA:89,0
DA:90,0
DA:91,0
DA:94,0
DA:95,0
DA:96,0
DA:97,0
DA:98,0
DA:99,0
DA:100,0
DA:101,0
DA:102,0
DA:103,0
DA:104,0
DA:105,0
DA:106,0
DA:107,0
DA:108,0
DA:109,0
DA:110,0
DA:111,0
DA:112,0
LF:63
LH:0
end_of_record
SF:lib\features\orders\domin\entites\product.dart
DA:21,0
LF:1
LH:0
end_of_record
SF:lib\features\payment\data\model\request\shipping_address_model_dto.dart
DA:12,3
DA:20,0
DA:21,0
DA:23,0
LF:4
LH:1
end_of_record
SF:lib\features\payment\data\model\request\shipping_address_model_dto.g.dart
DA:9,0
DA:11,0
DA:12,0
DA:13,0
DA:14,0
DA:15,0
DA:16,0
DA:19,0
DA:21,0
DA:22,0
DA:23,0
DA:24,0
DA:25,0
DA:26,0
LF:14
LH:0
end_of_record
SF:lib\features\payment\data\model\responce\card_pay_responce\session_pay_responce_dto.dart
DA:24,3
DA:40,0
DA:41,0
DA:43,0
DA:45,2
DA:46,2
DA:47,2
DA:48,2
DA:49,2
DA:50,2
DA:51,2
DA:52,2
LF:12
LH:9
end_of_record
SF:lib\features\payment\data\model\responce\card_pay_responce\session_pay_responce_dto.g.dart
DA:9,0
DA:11,0
DA:12,0
DA:13,0
DA:14,0
DA:15,0
DA:16,0
DA:17,0
DA:18,0
DA:19,0
DA:20,0
DA:21,0
DA:22,0
DA:24,0
DA:25,0
DA:27,0
DA:28,0
DA:31,0
DA:33,0
DA:34,0
DA:35,0
DA:36,0
DA:37,0
DA:38,0
DA:39,0
DA:40,0
DA:41,0
DA:42,0
DA:43,0
DA:44,0
DA:45,0
DA:46,0
LF:32
LH:0
end_of_record
SF:lib\features\payment\data\model\responce\card_pay_responce\customer_details_model_dto.dart
DA:12,0
DA:14,0
DA:15,0
DA:17,0
LF:4
LH:0
end_of_record
SF:lib\features\payment\data\model\responce\card_pay_responce\customer_details_model_dto.g.dart
DA:9,0
DA:11,0
DA:12,0
DA:13,0
DA:14,0
DA:15,0
DA:18,0
DA:20,0
DA:21,0
DA:22,0
DA:23,0
DA:24,0
LF:12
LH:0
end_of_record
SF:lib\features\payment\domain\entities\payment_card_entity.dart
DA:9,4
LF:1
LH:1
end_of_record
SF:lib\features\payment\data\model\responce\cash_pay_responce\order_pay_model_dto.dart
DA:23,3
DA:38,0
DA:39,0
DA:41,0
DA:43,2
DA:44,2
DA:45,2
DA:46,2
DA:47,2
DA:48,2
DA:49,2
DA:50,2
LF:12
LH:9
end_of_record
SF:lib\features\payment\data\model\responce\cash_pay_responce\order_pay_model_dto.g.dart
DA:9,0
DA:10,0
DA:11,0
DA:12,0
DA:13,0
DA:14,0
DA:15,0
DA:16,0
DA:17,0
DA:18,0
DA:19,0
DA:20,0
DA:21,0
DA:23,0
DA:24,0
DA:26,0
DA:27,0
DA:28,0
DA:31,0
DA:32,0
DA:33,0
DA:34,0
DA:35,0
DA:36,0
DA:37,0
DA:38,0
DA:39,0
DA:40,0
DA:41,0
DA:42,0
DA:43,0
DA:44,0
LF:32
LH:0
end_of_record
SF:lib\features\payment\data\model\responce\cash_pay_responce\order_item_pay_model_dto.dart
DA:14,0
DA:21,0
DA:22,0
DA:24,0
LF:4
LH:0
end_of_record
SF:lib\features\payment\data\model\responce\cash_pay_responce\order_item_pay_model_dto.g.dart
DA:9,0
DA:10,0
DA:11,0
DA:13,0
DA:14,0
DA:15,0
DA:18,0
DA:19,0
DA:20,0
DA:21,0
DA:22,0
DA:23,0
LF:12
LH:0
end_of_record
SF:lib\features\payment\data\model\responce\cash_pay_responce\product_pay_model_dto.dart
DA:28,0
DA:49,0
DA:50,0
DA:52,0
LF:4
LH:0
end_of_record
SF:lib\features\payment\data\model\responce\cash_pay_responce\product_pay_model_dto.g.dart
DA:9,0
DA:10,0
DA:11,0
DA:12,0
DA:13,0
DA:14,0
DA:15,0
DA:16,0
DA:17,0
DA:18,0
DA:19,0
DA:20,0
DA:21,0
DA:22,0
DA:23,0
DA:24,0
DA:25,0
DA:26,0
DA:27,0
DA:28,0
DA:29,0
DA:30,0
DA:33,0
DA:34,0
DA:35,0
DA:36,0
DA:37,0
DA:38,0
DA:39,0
DA:40,0
DA:41,0
DA:42,0
DA:43,0
DA:44,0
DA:45,0
DA:46,0
DA:47,0
DA:48,0
DA:49,0
DA:50,0
DA:51,0
DA:52,0
LF:42
LH:0
end_of_record
SF:lib\features\payment\domain\entities\payment_cash_entity.dart
DA:9,4
LF:1
LH:1
end_of_record
SF:lib\features\products_detalis\data\model\get_specific_product_respone\product_dto.dart
DA:25,2
DA:46,0
DA:47,0
DA:48,0
DA:49,0
DA:50,0
DA:51,0
DA:52,0
DA:53,0
DA:54,0
DA:55,0
DA:56,0
DA:57,0
DA:58,0
DA:59,0
DA:60,0
DA:61,0
DA:62,0
DA:64,0
DA:65,0
DA:67,0
DA:68,0
DA:69,0
DA:70,0
DA:73,0
DA:74,0
DA:75,0
DA:76,0
DA:77,0
DA:78,0
DA:79,0
DA:80,0
DA:81,0
DA:82,0
DA:83,0
DA:84,0
DA:85,0
DA:86,0
DA:87,0
DA:88,0
DA:89,0
DA:90,0
DA:91,0
DA:94,2
DA:95,1
DA:96,1
DA:97,1
DA:98,1
DA:99,1
DA:100,1
DA:101,1
LF:51
LH:9
end_of_record
SF:lib\features\products_detalis\domin\entites\product_entity.dart
DA:10,3
LF:1
LH:1
end_of_record
SF:lib\features\profile\data\model\user_model_profile_dto.dart
DA:21,3
DA:35,0
DA:36,0
DA:38,0
DA:40,2
DA:41,2
DA:42,2
DA:43,2
DA:44,2
DA:45,2
DA:46,2
DA:47,2
DA:48,2
DA:49,2
DA:50,2
LF:15
LH:12
end_of_record
SF:lib\features\profile\data\model\user_model_profile_dto.g.dart
DA:9,0
DA:10,0
DA:11,0
DA:12,0
DA:13,0
DA:14,0
DA:15,0
DA:16,0
DA:17,0
DA:18,0
DA:19,0
DA:20,0
DA:21,0
DA:24,0
DA:26,0
DA:27,0
DA:28,0
DA:29,0
DA:30,0
DA:31,0
DA:32,0
DA:33,0
DA:34,0
DA:35,0
DA:36,0
DA:37,0
LF:26
LH:0
end_of_record
SF:lib\features\profile\domain\entities\user_entity.dart
DA:12,4
LF:1
LH:1
end_of_record
SF:lib\features\saved_addresses\data\models\user_address_data_dto.dart
DA:22,3
DA:32,0
DA:33,0
DA:36,0
DA:37,0
LF:5
LH:1
end_of_record
SF:lib\features\saved_addresses\data\models\user_address_data_dto.g.dart
DA:9,0
DA:10,0
DA:11,0
DA:12,0
DA:13,0
DA:14,0
DA:15,0
DA:16,0
DA:17,0
DA:20,0
DA:21,0
DA:22,0
DA:23,0
DA:24,0
DA:25,0
DA:26,0
DA:27,0
DA:28,0
LF:18
LH:0
end_of_record
SF:lib\features\search\data\models\metadata_dto.dart
DA:17,0
DA:19,0
DA:20,0
DA:23,0
DA:24,0
DA:27,0
DA:28,0
DA:29,0
DA:30,0
DA:31,0
DA:32,0
LF:11
LH:0
end_of_record
SF:lib\features\search\data\models\metadata_dto.g.dart
DA:9,0
DA:10,0
DA:11,0
DA:12,0
DA:13,0
DA:16,0
DA:17,0
DA:18,0
DA:19,0
DA:20,0
DA:21,0
LF:11
LH:0
end_of_record
SF:lib\features\search\domain\entity\meatadata_dto_entity.dart
DA:7,0
LF:1
LH:0
end_of_record
SF:lib\features\search\data\models\products_dto.dart
DA:49,0
DA:72,0
DA:73,0
DA:76,0
DA:77,0
DA:80,0
DA:81,0
DA:82,0
DA:83,0
DA:84,0
DA:85,0
DA:86,0
DA:87,0
DA:88,0
DA:89,0
DA:90,0
DA:91,0
DA:92,0
DA:93,0
DA:94,0
DA:95,0
DA:96,0
DA:97,0
DA:98,0
DA:99,0
DA:100,0
DA:101,0
LF:27
LH:0
end_of_record
SF:lib\features\search\data\models\products_dto.g.dart
DA:9,0
DA:10,0
DA:11,0
DA:12,0
DA:13,0
DA:14,0
DA:15,0
DA:16,0
DA:17,0
DA:18,0
DA:19,0
DA:20,0
DA:21,0
DA:22,0
DA:23,0
DA:24,0
DA:25,0
DA:26,0
DA:27,0
DA:28,0
DA:29,0
DA:32,0
DA:33,0
DA:34,0
DA:35,0
DA:36,0
DA:37,0
DA:38,0
DA:39,0
DA:40,0
DA:41,0
DA:42,0
DA:43,0
DA:44,0
DA:45,0
DA:46,0
DA:47,0
DA:48,0
DA:49,0
DA:50,0
DA:51,0
DA:52,0
DA:53,0
LF:43
LH:0
end_of_record
SF:lib\features\search\domain\entity\products_dto_entity.dart
DA:23,1
LF:1
LH:1
end_of_record
SF:lib\features\search\domain\entity\search_response_entity.dart
DA:11,4
LF:1
LH:1
end_of_record
SF:lib\features\auth\forget_password\datasource\datasources\remote\forget_pass_remote_datasource_impl.dart
DA:14,1
DA:16,1
DA:19,1
DA:20,2
DA:21,1
DA:22,1
DA:23,1
DA:24,1
DA:27,1
DA:28,2
LF:10
LH:10
end_of_record
SF:lib\features\auth\forget_password\datasource\datasources\remote\reset_pass_remote_datasource_impl.dart
DA:12,1
DA:14,1
DA:19,2
DA:20,3
LF:4
LH:4
end_of_record
SF:lib\features\auth\forget_password\domain\usecases\email_verify_usecase.dart
DA:9,1
DA:11,1
DA:12,1
DA:13,1
LF:4
LH:4
end_of_record
SF:lib\features\auth\forget_password\domain\usecases\forget_pass_usecase.dart
DA:10,1
DA:12,1
DA:14,2
LF:3
LH:3
end_of_record
SF:lib\features\auth\forget_password\domain\usecases\reset_pass_usecase.dart
DA:10,1
DA:12,1
DA:17,2
LF:3
LH:3
end_of_record
SF:lib\features\auth\forget_password\presentation\cubit\forget_pass_cubit.dart
DA:21,1
DA:25,2
DA:27,1
DA:29,1
DA:30,2
DA:32,1
DA:33,2
DA:35,1
DA:36,3
DA:38,0
DA:39,0
DA:44,1
DA:45,3
DA:46,2
DA:50,1
DA:51,3
DA:52,1
DA:53,1
DA:54,2
DA:57,2
DA:63,1
DA:64,1
DA:65,2
DA:71,2
DA:73,1
DA:74,1
DA:75,2
DA:81,1
DA:82,1
DA:83,2
DA:86,2
DA:92,1
DA:93,1
DA:94,2
DA:100,2
DA:104,1
DA:105,1
DA:106,2
DA:112,1
DA:113,1
DA:114,2
DA:117,2
DA:123,0
DA:124,0
DA:125,0
LF:45
LH:40
end_of_record
SF:lib\features\auth\forget_password\presentation\cubit\forget_pass_event.dart
DA:6,1
DA:12,1
DA:19,1
DA:25,0
LF:4
LH:3
end_of_record
SF:lib\features\auth\forget_password\presentation\cubit\forget_pass_state.dart
DA:7,1
DA:14,1
DA:15,1
DA:23,1
DA:29,1
DA:30,0
DA:31,1
DA:33,1
DA:34,1
LF:9
LH:8
end_of_record
SF:lib\core\services\token_service.dart
DA:12,0
DA:18,0
DA:19,0
DA:21,0
DA:22,0
DA:23,0
DA:26,0
DA:27,0
DA:28,0
DA:31,0
DA:32,0
DA:33,0
LF:12
LH:0
end_of_record
SF:lib\features\address_details\data\data_sources\add_new_address_ds_impl.dart
DA:15,1
DA:17,1
DA:21,2
DA:22,2
DA:23,1
LF:5
LH:5
end_of_record
SF:lib\features\address_details\data\mapper\add_new_address_mapper.dart
DA:16,2
DA:18,2
DA:19,2
DA:20,2
DA:21,2
DA:22,2
DA:23,2
DA:24,2
DA:27,2
DA:28,2
DA:29,2
DA:30,10
DA:33,4
DA:34,2
DA:35,2
DA:36,2
DA:37,2
DA:38,2
DA:39,2
DA:40,2
DA:43,2
DA:44,2
DA:45,10
DA:48,2
DA:50,2
DA:51,2
DA:52,2
DA:53,2
DA:56,2
DA:57,2
DA:58,10
DA:61,2
DA:62,2
DA:63,2
DA:64,2
DA:65,2
DA:66,2
LF:37
LH:37
end_of_record
SF:lib\features\address_details\data\models\response\area_data_response_dto.dart
DA:16,2
DA:23,0
DA:24,0
DA:27,0
DA:28,0
LF:5
LH:1
end_of_record
SF:lib\features\address_details\data\models\response\area_data_response_dto.g.dart
DA:9,0
DA:10,0
DA:11,0
DA:12,0
DA:13,0
DA:14,0
DA:17,0
DA:19,0
DA:20,0
DA:21,0
DA:22,0
DA:23,0
LF:12
LH:0
end_of_record
SF:lib\features\address_details\data\models\response\area_response_dto.dart
DA:12,2
DA:14,0
DA:15,0
DA:18,0
DA:19,0
LF:5
LH:1
end_of_record
SF:lib\features\address_details\data\models\response\area_response_dto.g.dart
DA:9,0
DA:10,0
DA:11,0
DA:12,0
DA:13,0
DA:16,0
DA:17,0
LF:7
LH:0
end_of_record
SF:lib\features\address_details\data\models\response\cities_data_response_dto.dart
DA:14,2
DA:20,0
DA:21,0
DA:24,0
DA:25,0
LF:5
LH:1
end_of_record
SF:lib\features\address_details\data\models\response\cities_data_response_dto.g.dart
DA:9,0
DA:11,0
DA:12,0
DA:13,0
DA:14,0
DA:17,0
DA:19,0
DA:20,0
DA:21,0
DA:22,0
LF:10
LH:0
end_of_record
SF:lib\features\address_details\data\models\response\cities_response_dto.dart
DA:12,2
DA:14,0
DA:15,0
DA:18,0
DA:19,0
LF:5
LH:1
end_of_record
SF:lib\features\address_details\data\models\response\cities_response_dto.g.dart
DA:9,0
DA:10,0
DA:11,0
DA:12,0
DA:13,0
DA:15,0
DA:18,0
DA:19,0
LF:8
LH:0
end_of_record
SF:lib\features\address_details\domain\entities\request\add_new_address_request_entity.dart
DA:11,2
DA:20,0
DA:21,0
LF:3
LH:1
end_of_record
SF:lib\features\address_details\domain\entities\response\area_response_entity.dart
DA:2,4
DA:8,4
LF:2
LH:2
end_of_record
SF:lib\features\address_details\domain\entities\response\cities_data_response_entity.dart
DA:2,4
DA:8,0
DA:9,0
DA:10,0
DA:11,0
DA:18,0
DA:19,0
DA:20,0
DA:21,0
DA:22,0
LF:10
LH:1
end_of_record
SF:lib\features\address_details\domain\entities\response\cities_response_entity.dart
DA:4,4
LF:1
LH:1
end_of_record
SF:lib\features\address_details\domain\entities\response\address_response_entity.dart
DA:2,3
LF:1
LH:1
end_of_record
SF:lib\features\address_details\domain\entities\response\addresses_response_entity.dart
DA:4,4
LF:1
LH:1
end_of_record
SF:lib\features\address_details\data\repositories\add_new_address_repo_impl.dart
DA:20,1
DA:22,1
DA:27,1
DA:28,2
DA:30,2
DA:31,1
DA:32,1
DA:33,1
DA:36,3
DA:40,1
DA:43,2
DA:44,2
DA:45,1
DA:46,1
DA:47,1
DA:50,3
DA:54,1
DA:57,2
DA:58,2
DA:59,1
DA:60,1
DA:61,1
DA:64,3
LF:23
LH:23
end_of_record
SF:lib\features\address_details\domain\use_cases\add_new_address_use_case.dart
DA:11,1
DA:13,1
DA:15,2
LF:3
LH:3
end_of_record
SF:lib\features\address_details\domain\use_cases\get_areas_use_case.dart
DA:11,1
DA:13,3
LF:2
LH:2
end_of_record
SF:lib\features\address_details\domain\use_cases\get_cities_use_case.dart
DA:11,1
DA:13,3
LF:2
LH:2
end_of_record
SF:lib\features\address_details\presentation\manager\add_new_address_cubit\add_new_address_cubit.dart
DA:22,1
DA:26,0
DA:42,0
DA:44,0
DA:45,0
DA:46,0
DA:47,0
DA:51,0
DA:52,0
DA:53,0
DA:54,0
DA:55,0
DA:56,0
DA:57,0
DA:58,0
DA:59,0
DA:60,0
DA:61,0
DA:65,0
DA:66,0
DA:67,0
DA:69,0
DA:70,0
DA:71,0
DA:72,0
DA:74,0
DA:81,0
DA:82,0
DA:83,0
DA:86,0
DA:87,0
DA:88,0
DA:90,0
DA:91,0
DA:92,0
DA:93,0
DA:94,0
DA:95,0
DA:96,0
DA:97,0
DA:98,0
DA:99,0
DA:101,0
DA:107,0
DA:108,0
DA:109,0
DA:111,0
DA:112,0
DA:113,0
DA:114,0
DA:115,0
DA:116,0
DA:117,0
DA:118,0
DA:119,0
DA:120,0
DA:122,0
DA:128,0
DA:130,0
DA:134,0
DA:136,0
DA:140,0
DA:141,0
DA:142,0
LF:64
LH:1
end_of_record
SF:lib\features\address_details\presentation\manager\add_new_address_cubit\add_new_address_state.dart
DA:14,2
DA:25,0
DA:35,0
DA:36,0
DA:37,0
DA:38,0
DA:39,0
DA:40,0
DA:41,0
DA:42,0
DA:43,0
DA:47,0
DA:48,0
DA:49,0
DA:50,0
DA:51,0
DA:52,0
DA:53,0
DA:54,0
DA:55,0
DA:56,0
LF:21
LH:1
end_of_record
SF:lib\features\add_to_cart\data\repo\add_to_cart_repo_impl.dart
DA:16,1
DA:18,1
DA:22,2
DA:24,1
DA:25,1
DA:30,2
DA:31,1
DA:32,1
DA:33,1
DA:34,5
DA:37,3
LF:11
LH:11
end_of_record
SF:lib\features\add_to_cart\data\source\add_to_cart_ds_impl.dart
DA:10,0
DA:12,0
DA:16,0
LF:3
LH:0
end_of_record
SF:lib\features\add_to_cart\domin\usecase\add_to_cart_usecase.dart
DA:11,1
DA:13,1
DA:15,2
LF:3
LH:3
end_of_record
SF:lib\features\add_to_cart\presentation\view_model\add_to_cart_cubit.dart
DA:14,2
DA:16,1
DA:18,1
DA:19,2
DA:23,1
DA:24,2
DA:25,1
DA:28,1
DA:29,3
DA:31,1
DA:32,1
DA:33,2
DA:35,2
LF:13
LH:13
end_of_record
SF:lib\features\address_details\data\data_sources\local_ds\get_cities_and_areas_local_ds_impl.dart
DA:13,0
DA:15,0
DA:16,0
DA:17,0
DA:20,0
DA:22,0
DA:23,0
DA:24,0
LF:8
LH:0
end_of_record
SF:lib\features\address_details\presentation\manager\map_cubit\map_cubit.dart
DA:13,0
DA:18,0
DA:20,0
DA:21,0
DA:22,0
DA:23,0
DA:24,0
DA:25,0
DA:29,0
DA:30,0
DA:33,0
DA:37,0
DA:38,0
DA:39,0
DA:43,0
DA:45,0
DA:46,0
DA:47,0
DA:52,0
DA:53,0
DA:56,0
DA:57,0
DA:60,0
DA:61,0
DA:62,0
DA:66,0
DA:67,0
DA:68,0
DA:69,0
DA:71,0
DA:72,0
DA:75,0
DA:76,0
DA:78,0
DA:80,0
LF:35
LH:0
end_of_record
SF:lib\features\auth\change_password\data\data_sources\change_password_ds_impl.dart
DA:14,1
DA:16,1
DA:20,2
DA:21,2
DA:23,1
LF:5
LH:5
end_of_record
SF:lib\features\auth\change_password\data\repositories\change_password_repo_impl.dart
DA:14,1
DA:16,1
DA:21,1
DA:22,2
DA:24,1
DA:25,1
DA:27,1
DA:28,1
DA:29,1
DA:32,3
LF:10
LH:10
end_of_record
SF:lib\features\auth\change_password\domain\use_cases\change_password_use_case.dart
DA:11,1
DA:13,1
DA:15,2
LF:3
LH:3
end_of_record
SF:lib\features\auth\change_password\presentation\manager\change_password_cubit.dart
DA:14,2
DA:24,1
DA:26,1
DA:27,1
DA:31,1
DA:32,3
DA:34,2
DA:35,1
DA:36,2
DA:37,2
DA:41,1
DA:42,3
DA:44,1
DA:45,1
DA:46,2
DA:48,2
DA:55,1
DA:57,2
DA:58,2
DA:59,2
DA:60,1
LF:21
LH:21
end_of_record
SF:lib\features\auth\forget_password\datasource\repository_impl\email_verify_repo_impl.dart
DA:11,0
DA:13,0
DA:16,0
LF:3
LH:0
end_of_record
SF:lib\features\auth\forget_password\datasource\repository_impl\forget_pass_repo_impl.dart
DA:11,0
DA:13,0
DA:16,0
LF:3
LH:0
end_of_record
SF:lib\features\auth\forget_password\datasource\repository_impl\reset_pass_repo_impl.dart
DA:11,0
DA:13,0
DA:19,0
LF:3
LH:0
end_of_record
SF:lib\features\auth\login\data\data_sources\login_ds_imp.dart
DA:10,1
DA:11,1
DA:13,2
LF:3
LH:3
end_of_record
SF:lib\features\auth\login\data\repositories\login_repo_imp.dart
DA:16,1
DA:17,1
DA:22,1
DA:23,2
DA:24,4
DA:25,3
DA:26,1
DA:27,0
DA:28,0
DA:31,3
LF:10
LH:8
end_of_record
SF:lib\features\auth\login\domain\use_case\login_use_case.dart
DA:10,1
DA:11,1
DA:12,2
LF:3
LH:3
end_of_record
SF:lib\features\auth\login\presentation\view_model\login_bloc.dart
DA:16,3
DA:18,1
DA:20,1
DA:21,3
DA:22,0
DA:23,0
DA:27,1
DA:28,3
DA:29,2
DA:31,1
DA:32,1
DA:33,1
DA:34,2
DA:36,1
DA:40,0
DA:41,0
DA:42,0
DA:44,0
DA:50,0
DA:51,0
DA:52,0
DA:55,1
DA:56,3
LF:23
LH:14
end_of_record
SF:lib\features\auth\logout\data\data_sources\logout_ds_impl.dart
DA:14,1
DA:16,1
DA:18,2
DA:19,3
LF:4
LH:4
end_of_record
SF:lib\features\auth\logout\data\repositories\logout_repo_impl.dart
DA:16,1
DA:18,1
DA:21,2
DA:22,2
DA:23,1
DA:24,1
DA:26,1
DA:27,1
DA:28,1
DA:31,1
DA:32,2
LF:11
LH:11
end_of_record
SF:lib\features\auth\logout\domain\repositories\logout_repo.dart
DA:5,0
LF:1
LH:0
end_of_record
SF:lib\features\auth\logout\domain\use_cases\logout_use_case.dart
DA:11,1
DA:13,3
LF:2
LH:2
end_of_record
SF:lib\features\auth\logout\presentation\manager\logout_cubit.dart
DA:12,2
DA:15,1
DA:17,1
DA:18,1
DA:23,1
DA:24,3
DA:26,2
DA:29,1
DA:30,3
DA:32,1
DA:33,1
DA:34,2
DA:36,2
LF:13
LH:13
end_of_record
SF:lib\features\auth\register\data\repo\auth_repo_impl.dart
DA:17,1
DA:18,1
DA:21,2
DA:24,0
DA:25,0
DA:29,2
DA:30,1
DA:32,2
DA:33,0
DA:34,0
DA:35,0
DA:38,0
LF:12
LH:6
end_of_record
SF:lib\features\auth\register\data\source\auth_remote_data_sourse_imlp.dart
DA:11,1
DA:12,1
DA:14,2
LF:3
LH:3
end_of_record
SF:lib\features\auth\register\domin\usecase\register_usecase.dart
DA:10,1
DA:12,1
DA:13,2
LF:3
LH:3
end_of_record
SF:lib\features\auth\register\presentation\view_model\cubit\register_cubit.dart
DA:14,2
DA:16,1
DA:18,1
DA:19,2
DA:24,1
DA:25,3
DA:26,2
DA:28,1
DA:29,3
DA:31,1
DA:32,1
DA:33,2
DA:36,2
LF:13
LH:13
end_of_record
SF:lib\features\auth\register\presentation\view_model\cubit\register_state.dart
DA:10,3
DA:17,1
DA:23,1
DA:24,0
DA:25,1
DA:26,1
DA:27,1
DA:31,1
DA:32,5
LF:9
LH:8
end_of_record
SF:lib\features\cart\data\data_sources\cart_remote_data_sourse_impl.dart
DA:13,1
DA:15,1
DA:17,2
DA:20,1
DA:22,2
DA:25,1
DA:30,2
LF:7
LH:7
end_of_record
SF:lib\features\cart\data\repo\cart_repo_impl.dart
DA:19,1
DA:21,1
DA:23,2
DA:26,1
DA:27,1
DA:32,2
DA:33,1
DA:34,1
DA:35,1
DA:36,4
DA:39,3
DA:43,1
DA:45,2
DA:48,1
DA:49,1
DA:54,2
DA:55,2
DA:56,0
DA:57,0
DA:58,0
DA:61,0
DA:65,1
DA:70,2
DA:73,1
DA:74,1
DA:78,2
DA:82,1
DA:83,0
DA:84,0
DA:85,0
DA:88,0
LF:31
LH:23
end_of_record
SF:lib\features\cart\domin\usecase\delete_cart_usecase.dart
DA:9,1
DA:10,1
DA:11,2
LF:3
LH:3
end_of_record
SF:lib\features\cart\domin\usecase\get_user_carts_usecase.dart
DA:9,1
DA:10,1
DA:11,2
LF:3
LH:3
end_of_record
SF:lib\features\cart\domin\usecase\updeate_cart_product_quantity_usecase.dart
DA:10,1
DA:11,1
DA:15,2
LF:3
LH:3
end_of_record
SF:lib\features\cart\presentation\view_model\cubit\cart_state.dart
DA:18,1
DA:31,1
DA:43,1
DA:44,1
DA:45,1
DA:46,1
DA:47,1
DA:48,1
DA:49,1
DA:51,1
DA:53,1
DA:54,1
DA:56,1
DA:60,1
DA:61,1
DA:62,1
DA:63,1
DA:64,1
DA:65,1
DA:66,1
DA:67,1
DA:68,1
DA:69,1
DA:70,1
DA:71,1
LF:25
LH:25
end_of_record
SF:lib\features\cart\presentation\view_model\cubit\cart_cubit.dart
DA:20,1
DA:24,2
DA:26,1
DA:28,1
DA:29,1
DA:31,1
DA:32,2
DA:34,1
DA:35,1
DA:36,1
DA:37,2
DA:43,1
DA:44,3
DA:45,2
DA:47,1
DA:48,1
DA:49,2
DA:52,1
DA:56,1
DA:57,1
DA:58,2
DA:60,2
DA:67,1
DA:68,5
DA:69,4
DA:71,9
DA:73,6
DA:76,3
DA:78,2
DA:80,1
DA:81,3
DA:83,0
DA:84,0
DA:85,0
DA:86,0
DA:95,1
DA:99,2
DA:100,0
DA:104,4
DA:105,5
DA:106,1
DA:107,1
DA:109,9
DA:111,6
DA:114,3
DA:116,2
DA:121,1
DA:122,1
DA:123,2
DA:126,2
DA:130,0
DA:131,0
DA:132,0
DA:133,0
DA:135,0
DA:136,0
DA:139,0
LF:57
LH:45
end_of_record
SF:lib\features\categories\data\datasources\remote\category_remote_datasource_impl.dart
DA:16,1
DA:18,1
DA:21,2
DA:22,1
DA:23,3
DA:24,1
DA:25,1
DA:26,1
DA:27,0
DA:28,0
DA:31,1
DA:32,2
LF:12
LH:10
end_of_record
SF:lib\features\categories\data\datasources\remote\product_remote_datasource_impl.dart
DA:16,0
DA:18,0
DA:21,0
DA:22,0
DA:23,0
DA:24,0
DA:25,0
DA:26,0
DA:29,0
DA:30,0
LF:10
LH:0
end_of_record
SF:lib\features\categories\data\repository_impl\category_repo_impl.dart
DA:11,0
DA:13,0
DA:15,0
DA:16,0
LF:4
LH:0
end_of_record
SF:lib\features\categories\data\repository_impl\product_repo_impl.dart
DA:11,0
DA:13,0
DA:16,0
LF:3
LH:0
end_of_record
SF:lib\features\categories\domain\usecases\category_usecase.dart
DA:10,1
DA:12,1
DA:14,2
LF:3
LH:3
end_of_record
SF:lib\features\categories\domain\usecases\product_usecase.dart
DA:10,0
DA:12,0
DA:13,0
LF:3
LH:0
end_of_record
SF:lib\features\categories\presentation\cubit\category_cubit.dart
DA:20,1
DA:23,2
DA:25,1
DA:27,1
DA:28,1
DA:30,0
DA:31,0
DA:33,0
DA:34,0
DA:39,0
DA:40,0
DA:41,0
DA:45,1
DA:46,3
DA:47,2
DA:49,1
DA:50,1
DA:51,2
DA:54,1
DA:57,1
DA:58,1
DA:59,2
DA:62,1
DA:63,2
DA:64,2
DA:71,0
DA:72,0
DA:73,0
DA:77,0
DA:78,0
DA:80,0
DA:81,0
DA:82,0
DA:84,0
DA:85,0
DA:87,0
DA:88,0
DA:96,0
DA:97,0
DA:98,0
DA:101,0
DA:102,0
DA:103,0
DA:110,0
DA:111,0
DA:114,0
DA:115,0
DA:117,0
DA:120,0
DA:122,0
DA:125,0
DA:126,0
LF:52
LH:18
end_of_record
SF:lib\features\checkout\data\repo\checkout_repo_impl.dart
DA:15,1
DA:17,1
DA:19,2
DA:21,1
DA:22,1
DA:27,2
DA:28,1
DA:29,5
DA:31,1
DA:32,1
DA:33,1
LF:11
LH:11
end_of_record
SF:lib\features\checkout\data\sources\checkout_remote_ds_impl.dart
DA:10,1
DA:11,1
DA:13,2
LF:3
LH:3
end_of_record
SF:lib\features\checkout\domin\usecase\get_logged_user_addresses_usecase.dart
DA:10,1
DA:11,1
DA:12,2
LF:3
LH:3
end_of_record
SF:lib\features\checkout\presentation\view_model\cubit\checkout\checkout_state.dart
DA:22,3
DA:39,1
DA:56,1
DA:57,1
DA:58,1
DA:59,1
DA:60,1
DA:61,1
DA:62,1
DA:63,1
DA:64,1
DA:65,1
DA:66,1
DA:68,1
DA:69,1
DA:70,1
DA:71,1
DA:75,1
DA:76,1
DA:77,1
DA:78,1
DA:79,1
DA:80,1
DA:81,1
DA:82,1
DA:83,1
DA:84,1
DA:85,1
DA:86,1
DA:87,1
LF:30
LH:30
end_of_record
SF:lib\features\checkout\presentation\view_model\cubit\checkout\checkout_cubit.dart
DA:22,1
DA:26,1
DA:28,0
DA:30,0
DA:31,0
DA:32,0
DA:33,0
DA:34,0
DA:35,0
DA:36,0
DA:37,0
DA:38,0
DA:39,0
DA:40,0
DA:41,0
DA:42,0
DA:43,0
DA:44,0
DA:45,0
DA:47,0
DA:48,0
DA:49,0
DA:50,0
DA:54,0
DA:58,0
DA:60,0
DA:61,0
DA:62,0
DA:63,0
DA:67,0
DA:68,0
DA:69,0
DA:70,0
DA:77,0
DA:81,0
DA:83,0
DA:84,0
DA:85,0
DA:88,0
DA:91,0
DA:92,0
DA:93,0
DA:95,0
DA:101,1
DA:102,3
DA:103,2
DA:105,1
DA:106,4
DA:108,1
DA:109,3
DA:114,0
DA:115,0
DA:118,0
DA:119,0
DA:122,1
DA:123,3
DA:126,1
DA:127,3
DA:130,1
DA:131,3
DA:134,1
DA:135,3
DA:138,0
DA:139,0
DA:143,0
DA:144,0
DA:145,0
DA:146,0
DA:147,0
DA:148,0
DA:149,0
DA:153,0
DA:154,0
DA:158,0
DA:160,0
DA:161,0
DA:162,0
DA:163,0
DA:164,0
DA:165,0
DA:166,0
DA:169,0
DA:172,0
DA:173,0
DA:174,0
DA:175,0
DA:176,0
DA:177,0
DA:178,0
DA:181,0
DA:182,0
DA:183,0
DA:184,0
DA:185,0
DA:186,0
DA:189,0
DA:192,0
DA:193,0
DA:194,0
DA:195,0
DA:196,0
DA:197,0
DA:198,0
DA:201,0
DA:202,0
LF:105
LH:17
end_of_record
SF:lib\features\edit_profile\data\datasources\remote\edit_profile_remote_ds_imp.dart
DA:14,1
DA:16,1
DA:21,3
DA:22,1
DA:23,1
DA:24,1
DA:25,2
DA:27,1
DA:28,1
DA:29,1
DA:30,1
DA:31,2
DA:34,1
DA:35,2
LF:14
LH:14
end_of_record
SF:lib\features\edit_profile\data\datasources\remote\upload_photo_remote_ds_impl.dart
DA:16,1
DA:18,1
DA:21,2
DA:22,1
DA:23,1
DA:25,3
LF:6
LH:6
end_of_record
SF:lib\features\edit_profile\data\repository_impl\edit_profile_repository_impl.dart
DA:11,1
DA:13,1
DA:18,2
LF:3
LH:3
end_of_record
SF:lib\features\edit_profile\data\repository_impl\upload_photo_repo_impl.dart
DA:13,1
DA:15,1
DA:17,2
LF:3
LH:3
end_of_record
SF:lib\features\edit_profile\domain\usecases\edit_profile_usecase.dart
DA:11,1
DA:13,1
DA:14,2
LF:3
LH:3
end_of_record
SF:lib\features\edit_profile\domain\usecases\upload_photo_usecase.dart
DA:12,1
DA:14,1
DA:15,2
LF:3
LH:3
end_of_record
SF:lib\features\edit_profile\presentation\cubit\edit_profile_cubit.dart
DA:19,1
DA:21,2
DA:23,1
DA:25,1
DA:26,2
DA:28,0
DA:29,0
DA:31,0
DA:32,0
DA:34,0
DA:35,0
DA:40,1
DA:41,3
DA:42,2
DA:44,1
DA:45,3
DA:46,1
DA:47,3
DA:51,0
DA:52,0
DA:55,0
DA:56,0
DA:58,0
DA:60,0
DA:64,0
DA:65,0
DA:67,0
DA:69,0
LF:28
LH:12
end_of_record
SF:lib\features\home_screen\data\data_sources\home_ds_imp.dart
DA:9,1
DA:10,1
DA:12,2
LF:3
LH:3
end_of_record
SF:lib\features\home_screen\data\repositories\home_repo_imp.dart
DA:12,1
DA:13,1
DA:16,2
DA:17,2
DA:18,1
DA:19,0
DA:20,0
DA:23,3
LF:8
LH:6
end_of_record
SF:lib\features\home_screen\domain\use_cases\home_use_case.dart
DA:9,0
DA:10,0
DA:11,0
LF:3
LH:0
end_of_record
SF:lib\features\home_screen\presentaion\view_model\home_bloc.dart
DA:14,3
DA:19,1
DA:21,1
DA:22,1
DA:26,1
DA:27,3
DA:28,2
DA:30,1
DA:31,3
DA:32,3
DA:33,1
DA:34,2
DA:36,1
DA:37,2
DA:40,1
DA:41,1
DA:42,2
DA:44,2
LF:18
LH:18
end_of_record
SF:lib\features\occasions\data\data_sources\occasions_ds_impl.dart
DA:9,1
DA:11,1
DA:13,2
LF:3
LH:3
end_of_record
SF:lib\features\occasions\data\repositories\occasions_repo_impl.dart
DA:17,1
DA:19,1
DA:21,2
DA:22,1
DA:23,1
DA:28,2
DA:29,1
DA:30,1
DA:31,1
DA:32,1
DA:33,1
DA:36,1
DA:37,2
LF:13
LH:13
end_of_record
SF:lib\features\occasions\domain\use_cases\get_specific_occasions_use_case.dart
DA:9,1
DA:11,1
DA:12,2
LF:3
LH:3
end_of_record
SF:lib\features\occasions\presentation\manager\occasions_cubit.dart
DA:13,1
DA:14,1
DA:19,1
DA:21,1
DA:22,1
DA:27,1
DA:28,2
DA:29,5
DA:33,3
DA:34,2
DA:36,1
DA:37,3
DA:38,2
DA:39,1
DA:40,2
DA:46,1
DA:47,1
DA:48,2
DA:50,2
DA:57,1
DA:61,5
LF:21
LH:21
end_of_record
SF:lib\features\orders\data\repo\order_repo_impl.dart
DA:16,1
DA:18,1
DA:20,2
DA:22,1
DA:23,1
DA:28,2
DA:29,1
DA:30,3
DA:32,1
DA:33,0
DA:34,0
DA:37,3
LF:12
LH:10
end_of_record
SF:lib\features\orders\data\source\orders_remote_ds_impl.dart
DA:10,1
DA:12,1
DA:14,2
LF:3
LH:3
end_of_record
SF:lib\features\orders\domin\usecase\get_user_orders_usecase.dart
DA:9,1
DA:11,3
LF:2
LH:2
end_of_record
SF:lib\features\orders\presentation\view_model\cubit\orders_cubit.dart
DA:13,2
DA:15,1
DA:17,1
DA:18,1
DA:22,1
DA:23,3
DA:24,2
DA:26,1
DA:27,6
DA:28,1
DA:29,4
DA:30,1
DA:31,1
DA:32,2
DA:35,1
DA:41,1
DA:42,1
DA:43,2
DA:46,2
LF:19
LH:19
end_of_record
SF:lib\features\payment\data\data_source\payment_ds_imp.dart
DA:11,1
DA:12,1
DA:16,2
DA:19,1
DA:23,2
LF:5
LH:5
end_of_record
SF:lib\features\payment\data\repo\payment_repo_imp.dart
DA:15,1
DA:16,1
DA:21,2
DA:22,1
DA:24,3
DA:25,1
DA:26,0
DA:27,0
DA:30,3
DA:34,1
DA:39,2
DA:40,1
DA:42,3
DA:43,1
DA:44,0
DA:45,0
DA:48,3
LF:17
LH:13
end_of_record
SF:lib\features\payment\domain\use_case\payment_card_use_case.dart
DA:10,1
DA:11,1
DA:14,2
LF:3
LH:3
end_of_record
SF:lib\features\payment\domain\use_case\payment_cash_use_case.dart
DA:10,1
DA:11,1
DA:14,2
LF:3
LH:3
end_of_record
SF:lib\features\payment\presentaion\view_model\payment_cubit.dart
DA:15,1
DA:16,2
DA:17,1
DA:19,1
DA:20,2
DA:21,1
DA:22,2
DA:23,0
DA:24,0
DA:28,1
DA:31,3
DA:32,2
DA:34,1
DA:35,1
DA:36,2
DA:39,1
DA:42,1
DA:43,1
DA:44,2
DA:46,2
DA:52,1
DA:55,3
DA:56,2
DA:58,1
DA:59,1
DA:60,2
DA:64,1
DA:67,1
DA:68,1
DA:69,2
DA:71,2
DA:77,0
DA:78,0
LF:33
LH:29
end_of_record
SF:lib\features\products_detalis\data\repo\products_detalis_repo_impl.dart
DA:15,1
DA:17,1
DA:20,2
DA:23,0
DA:24,0
DA:28,2
DA:29,3
DA:30,1
DA:31,1
DA:32,4
DA:35,3
LF:11
LH:9
end_of_record
SF:lib\features\products_detalis\data\source\products_detalis_ds_impl.dart
DA:10,1
DA:11,1
DA:13,2
LF:3
LH:3
end_of_record
SF:lib\features\products_detalis\domin\usecase\get_specific_product_usecase.dart
DA:9,1
DA:11,1
DA:12,2
LF:3
LH:3
end_of_record
SF:lib\features\products_detalis\presentation\view_model\cubit\product_details_event.dart
DA:4,0
DA:6,0
DA:7,0
DA:13,0
LF:4
LH:0
end_of_record
SF:lib\features\products_detalis\presentation\view_model\cubit\product_details_state.dart
DA:10,3
DA:18,1
DA:25,1
DA:26,0
DA:27,1
DA:28,1
DA:29,1
DA:30,1
DA:34,1
DA:35,1
DA:36,1
DA:37,1
DA:38,1
DA:39,1
DA:40,1
LF:15
LH:14
end_of_record
SF:lib\features\products_detalis\presentation\view_model\cubit\product_details_cubit.dart
DA:15,2
DA:16,0
DA:19,0
DA:24,1
DA:25,3
DA:26,2
DA:28,1
DA:29,1
DA:30,2
DA:33,1
DA:37,1
DA:38,1
DA:39,2
DA:42,2
LF:14
LH:12
end_of_record
SF:lib\features\profile\data\local_data_source\get_content_ds_imp.dart
DA:12,0
DA:14,0
DA:15,0
DA:17,0
DA:18,0
DA:21,0
DA:23,0
DA:24,0
DA:25,0
DA:26,0
LF:10
LH:0
end_of_record
SF:lib\features\profile\data\remot_data_source\get_user_data_ds_imp.dart
DA:9,1
DA:11,1
DA:13,2
LF:3
LH:3
end_of_record
SF:lib\features\profile\data\repo\content_repo_imp.dart
DA:13,0
DA:14,0
DA:15,0
DA:20,0
DA:22,0
DA:23,0
DA:24,0
DA:27,0
DA:29,0
DA:30,0
DA:32,0
LF:11
LH:0
end_of_record
SF:lib\features\profile\data\repo\get_user_data_repo_imp.dart
DA:12,1
DA:13,1
DA:16,2
DA:17,3
DA:18,1
DA:19,0
DA:20,0
DA:23,3
LF:8
LH:6
end_of_record
SF:lib\features\profile\domain\usecase\contect_terms_use_case.dart
DA:8,0
DA:9,0
DA:10,0
LF:3
LH:0
end_of_record
SF:lib\features\profile\domain\usecase\content_about_us_use_case.dart
DA:9,0
DA:10,0
DA:11,0
LF:3
LH:0
end_of_record
SF:lib\features\profile\domain\usecase\get_user_data_use_case.dart
DA:9,1
DA:10,1
DA:11,2
LF:3
LH:3
end_of_record
SF:lib\features\profile\presentation\view_model\profile_setting_cubit.dart
DA:21,1
DA:25,1
DA:27,1
DA:29,1
DA:30,1
DA:31,0
DA:32,0
DA:33,0
DA:34,0
DA:35,0
DA:36,0
DA:37,0
DA:38,0
DA:42,1
DA:43,3
DA:45,3
DA:47,1
DA:48,0
DA:52,2
DA:53,1
DA:54,1
DA:55,1
DA:56,1
DA:58,1
DA:59,1
DA:60,3
DA:62,1
DA:63,1
DA:64,2
DA:66,2
DA:72,1
DA:73,2
DA:74,3
DA:77,1
DA:78,2
DA:79,3
DA:82,1
DA:83,2
DA:85,1
DA:86,1
DA:88,1
DA:89,2
DA:96,0
DA:97,0
DA:98,0
DA:100,0
DA:103,0
DA:104,0
DA:105,0
DA:108,0
DA:109,0
DA:110,0
DA:113,1
DA:114,1
DA:115,5
DA:119,0
DA:120,0
DA:126,0
DA:127,0
LF:59
LH:36
end_of_record
SF:lib\features\saved_addresses\data\data_sources\saved_address_ds_impl.dart
DA:15,1
DA:17,1
DA:19,2
DA:20,2
DA:21,1
DA:26,1
DA:28,2
DA:29,3
LF:8
LH:8
end_of_record
SF:lib\features\saved_addresses\data\repositories\saved_address_repo_impl.dart
DA:15,1
DA:17,1
DA:22,2
DA:24,1
DA:25,5
DA:27,1
DA:28,1
DA:29,1
DA:32,3
DA:36,1
DA:39,2
DA:41,1
DA:42,5
DA:44,1
DA:45,1
DA:46,1
DA:49,3
LF:17
LH:17
end_of_record
SF:lib\features\saved_addresses\domain\use_cases\get_all_addresses_use_case.dart
DA:10,1
DA:12,1
DA:13,2
LF:3
LH:3
end_of_record
SF:lib\features\saved_addresses\domain\use_cases\remove_address_use_case.dart
DA:11,1
DA:13,1
DA:14,2
LF:3
LH:3
end_of_record
SF:lib\features\saved_addresses\presentation\manager\user_addresses_cubit.dart
DA:13,1
DA:14,1
DA:18,1
DA:20,1
DA:21,1
DA:22,2
DA:23,1
DA:27,1
DA:28,1
DA:29,2
DA:31,2
DA:33,1
DA:34,1
DA:35,2
DA:38,1
DA:42,1
DA:43,1
DA:44,2
DA:46,2
DA:53,1
DA:54,3
DA:55,2
DA:57,1
DA:58,1
DA:59,2
DA:62,1
DA:66,1
DA:67,1
DA:68,2
DA:70,2
LF:30
LH:30
end_of_record
SF:lib\features\search\data\datasources\remote\search_remote_ds_impl.dart
DA:13,1
DA:15,1
DA:18,2
DA:19,1
DA:20,1
DA:21,1
DA:22,1
DA:23,1
DA:26,1
DA:27,3
LF:10
LH:10
end_of_record
SF:lib\features\search\data\repository_impl\search_repo_impl.dart
DA:11,1
DA:13,1
DA:15,2
LF:3
LH:3
end_of_record
SF:lib\features\search\domain\usecases\search_usecase.dart
DA:10,1
DA:12,1
DA:13,2
LF:3
LH:3
end_of_record
SF:lib\features\search\presentation\cubit\search_cubit.dart
DA:17,3
DA:19,1
DA:21,1
DA:22,2
DA:24,0
DA:25,0
DA:27,0
DA:28,0
DA:33,1
DA:34,1
DA:35,2
DA:42,2
DA:44,1
DA:45,1
DA:46,2
DA:50,2
DA:53,1
DA:54,1
DA:55,2
DA:59,2
DA:65,0
DA:66,0
DA:67,0
DA:68,0
DA:77,0
DA:78,0
DA:79,0
DA:81,0
DA:82,0
DA:83,0
LF:30
LH:16
end_of_record
SF:lib\core\errors\internet_connection.dart
DA:12,0
DA:14,0
DA:15,0
LF:3
LH:0
end_of_record
SF:lib\core\helpers\shared_pref.dart
DA:8,0
DA:10,0
DA:11,0
DA:12,0
DA:13,0
DA:14,0
DA:15,0
DA:16,0
DA:18,0
DA:22,0
DA:23,0
DA:26,0
DA:27,0
LF:13
LH:0
end_of_record
SF:lib\core\network\external_modules.dart
DA:13,0
DA:15,0
DA:16,0
DA:17,0
DA:18,0
DA:19,0
DA:23,0
DA:25,0
DA:35,0
DA:37,0
DA:39,0
DA:40,0
LF:12
LH:0
end_of_record
SF:lib\core\di\modules\database_module.dart
DA:7,0
DA:9,0
DA:12,0
LF:3
LH:0
end_of_record
SF:lib\core\di\modules\token_interceptor.dart
DA:10,0
DA:15,0
DA:17,0
DA:19,0
LF:4
LH:0
end_of_record
SF:lib\core\di\di.dart
DA:6,12
DA:8,0
DA:13,0
LF:3
LH:1
end_of_record
SF:lib\features\add_to_cart\presentation\view_model\add_to_cart_event.dart
DA:2,1
DA:7,1
LF:2
LH:2
end_of_record
SF:lib\features\add_to_cart\presentation\view_model\add_to_cart_state.dart
DA:7,3
DA:9,1
DA:10,1
DA:11,0
DA:12,1
DA:16,1
DA:17,3
LF:7
LH:6
end_of_record
SF:lib\features\address_details\presentation\manager\map_cubit\map_state.dart
DA:10,2
DA:20,0
DA:26,0
DA:28,0
DA:30,0
DA:31,0
DA:32,0
DA:36,0
DA:37,0
DA:38,0
DA:39,0
DA:40,0
DA:41,0
LF:13
LH:1
end_of_record
SF:lib\features\auth\change_password\data\models\mapper\change_password_request_maper.dart
DA:4,1
DA:6,1
DA:7,1
DA:8,1
LF:4
LH:4
end_of_record
SF:lib\features\auth\change_password\domain\entities\change_password_request_entity.dart
DA:7,1
DA:12,1
DA:13,3
LF:3
LH:3
end_of_record
SF:lib\features\auth\change_password\presentation\manager\change_password_state.dart
DA:8,3
DA:14,1
DA:19,1
DA:20,1
DA:21,1
DA:22,0
DA:26,1
DA:27,4
LF:8
LH:7
end_of_record
SF:lib\features\auth\login\data\mappers\login_mapper.dart
DA:4,2
DA:5,2
DA:6,2
DA:7,2
LF:4
LH:4
end_of_record
SF:lib\features\auth\login\domain\entities\login_request_entity.dart
DA:7,0
DA:9,0
DA:10,0
LF:3
LH:0
end_of_record
SF:lib\features\auth\login\presentation\view_model\login_event.dart
DA:8,1
LF:1
LH:1
end_of_record
SF:lib\features\auth\login\presentation\view_model\login_state.dart
DA:12,1
DA:19,1
DA:25,1
DA:26,1
DA:27,1
DA:28,1
DA:29,0
DA:33,1
DA:34,5
LF:9
LH:8
end_of_record
SF:lib\features\auth\logout\presentation\manager\logout_state.dart
DA:8,3
DA:14,1
DA:15,1
DA:16,1
DA:17,0
DA:18,1
DA:22,1
DA:23,4
LF:8
LH:7
end_of_record
SF:lib\features\auth\register\data\mapper\to_register_body_dto.dart
DA:4,4
DA:5,2
DA:6,2
DA:7,2
DA:8,2
DA:9,2
DA:10,2
DA:11,2
LF:8
LH:8
end_of_record
SF:lib\features\auth\register\domin\entites\register_body.dart
DA:10,4
LF:1
LH:1
end_of_record
SF:lib\features\auth\register\presentation\view_model\cubit\registr_event.dart
DA:7,1
LF:1
LH:1
end_of_record
SF:lib\features\cart\presentation\view_model\cubit\cart_event.dart
DA:4,0
DA:6,0
DA:7,0
DA:11,0
DA:16,0
DA:22,0
LF:6
LH:0
end_of_record
SF:lib\features\categories\presentation\cubit\category_event.dart
DA:8,0
DA:14,0
LF:2
LH:0
end_of_record
SF:lib\features\categories\presentation\cubit\category_state.dart
DA:16,1
DA:28,1
DA:29,1
DA:34,1
DA:35,1
DA:36,1
DA:37,1
DA:42,1
DA:53,1
DA:54,0
DA:55,1
DA:56,1
DA:57,1
DA:58,1
DA:59,1
DA:60,1
DA:61,1
DA:62,1
LF:18
LH:17
end_of_record
SF:lib\features\checkout\presentation\view_model\cubit\checkout\checkout_event.dart
DA:6,0
DA:11,0
DA:16,0
DA:23,0
DA:28,0
DA:33,0
DA:38,0
DA:43,0
DA:48,0
LF:9
LH:0
end_of_record
SF:lib\features\payment\domain\entities\shipping_address_request_entity.dart
DA:8,5
LF:1
LH:1
end_of_record
SF:lib\features\edit_profile\domain\entity\edit_profile_request.dart
DA:7,4
LF:1
LH:1
end_of_record
SF:lib\features\edit_profile\presentation\cubit\edit_profile_event.dart
DA:10,1
DA:16,0
LF:2
LH:1
end_of_record
SF:lib\features\edit_profile\presentation\cubit\edit_profile_state.dart
DA:13,1
DA:22,1
DA:23,1
DA:33,1
DA:41,3
DA:42,0
DA:43,1
DA:44,1
DA:45,1
LF:9
LH:8
end_of_record
SF:lib\features\home_screen\presentaion\view_model\home_state.dart
DA:13,1
DA:20,1
DA:26,1
DA:27,0
DA:28,1
DA:29,1
DA:30,1
DA:34,1
DA:35,5
LF:9
LH:8
end_of_record
SF:lib\features\occasions\presentation\manager\occasions_state.dart
DA:13,3
DA:20,1
DA:26,1
DA:27,1
DA:28,1
DA:29,1
DA:30,1
DA:34,1
DA:35,1
DA:36,1
DA:37,1
DA:38,1
DA:39,1
LF:13
LH:13
end_of_record
SF:lib\features\orders\presentation\view_model\cubit\orders_event.dart
DA:2,1
LF:1
LH:1
end_of_record
SF:lib\features\orders\presentation\view_model\cubit\orders_state.dart
DA:13,3
DA:23,1
DA:32,1
DA:33,0
DA:34,1
DA:35,1
DA:36,1
DA:37,1
DA:38,1
DA:39,1
DA:43,1
DA:44,1
DA:45,1
DA:46,1
DA:47,1
DA:48,1
DA:49,1
DA:50,1
DA:51,1
LF:19
LH:18
end_of_record
SF:lib\features\payment\data\mapper\mapper_shipping_address_to_dto.dart
DA:5,2
DA:8,2
DA:9,2
DA:10,2
DA:11,2
DA:12,2
DA:13,2
DA:14,2
LF:8
LH:8
end_of_record
SF:lib\features\payment\presentaion\view_model\payment_event.dart
DA:7,1
DA:12,1
LF:2
LH:2
end_of_record
SF:lib\features\payment\presentaion\view_model\payment_state.dart
DA:12,1
DA:19,1
DA:26,1
DA:27,1
DA:28,0
DA:29,1
DA:30,1
DA:31,1
DA:35,1
DA:36,1
DA:37,1
DA:38,1
DA:39,1
DA:40,1
DA:41,1
LF:15
LH:14
end_of_record
SF:lib\features\profile\data\model\about_us_model_dto.dart
DA:18,1
DA:20,0
DA:21,0
DA:23,0
DA:25,1
DA:26,4
DA:27,1
DA:28,4
DA:31,1
DA:32,1
DA:33,2
DA:34,2
LF:12
LH:9
end_of_record
SF:lib\features\profile\data\model\about_us_model_dto.g.dart
DA:9,0
DA:10,0
DA:11,0
DA:12,0
DA:13,0
DA:14,0
DA:17,0
DA:18,0
DA:19,0
DA:20,0
DA:21,0
DA:22,0
LF:12
LH:0
end_of_record
SF:lib\features\profile\data\model\term_model_dto.dart
DA:15,1
DA:22,0
DA:23,0
DA:25,0
DA:27,1
DA:28,4
DA:29,1
DA:30,4
DA:33,1
DA:34,1
DA:35,2
DA:36,2
LF:12
LH:9
end_of_record
SF:lib\features\profile\data\model\term_model_dto.g.dart
DA:9,0
DA:10,0
DA:11,0
DA:12,0
DA:13,0
DA:16,0
DA:17,0
DA:18,0
DA:19,0
DA:20,0
DA:21,0
LF:11
LH:0
end_of_record
SF:lib\features\profile\data\model\about_us_style_model_dto.dart
DA:19,2
DA:27,0
DA:28,0
DA:29,0
DA:30,2
DA:31,2
DA:32,2
DA:33,2
DA:34,2
DA:35,8
DA:36,2
DA:37,2
LF:12
LH:9
end_of_record
SF:lib\features\profile\data\model\about_us_style_model_dto.g.dart
DA:9,0
DA:11,0
DA:12,0
DA:13,0
DA:14,0
DA:15,0
DA:16,0
DA:19,0
DA:21,0
DA:22,0
DA:23,0
DA:24,0
DA:25,0
DA:26,0
LF:14
LH:0
end_of_record
SF:lib\features\profile\domain\entities\about_us_entity.dart
DA:9,1
LF:1
LH:1
end_of_record
SF:lib\features\profile\domain\entities\about_us_style_entity.dart
DA:8,2
LF:1
LH:1
end_of_record
SF:lib\features\profile\data\model\term_style_model_dto.dart
DA:19,2
DA:27,0
DA:28,0
DA:29,0
DA:31,2
DA:32,2
DA:33,2
DA:34,2
DA:35,2
DA:36,10
DA:37,2
LF:11
LH:8
end_of_record
SF:lib\features\profile\data\model\term_style_model_dto.g.dart
DA:9,0
DA:10,0
DA:11,0
DA:12,0
DA:13,0
DA:14,0
DA:15,0
DA:18,0
DA:19,0
DA:20,0
DA:21,0
DA:22,0
DA:23,0
DA:24,0
LF:14
LH:0
end_of_record
SF:lib\features\profile\domain\entities\term_entity.dart
DA:9,1
LF:1
LH:1
end_of_record
SF:lib\features\profile\domain\entities\term_style_entity.dart
DA:8,2
LF:1
LH:1
end_of_record
SF:lib\features\profile\presentation\view_model\profile_setting_event.dart
DA:7,0
DA:12,0
LF:2
LH:0
end_of_record
SF:lib\features\profile\presentation\view_model\profile_setting_state.dart
DA:19,3
DA:31,1
DA:45,1
DA:46,1
DA:47,1
DA:48,1
DA:49,1
DA:50,1
DA:51,1
DA:52,1
DA:53,1
DA:54,1
DA:55,1
LF:13
LH:13
end_of_record
SF:lib\features\saved_addresses\data\models\maper\maper.dart
DA:4,2
DA:5,2
DA:6,2
DA:7,2
DA:8,2
DA:9,2
DA:10,2
DA:11,2
DA:12,2
LF:9
LH:9
end_of_record
SF:lib\features\saved_addresses\domain\entities\user_address_data_entity.dart
DA:10,5
LF:1
LH:1
end_of_record
SF:lib\features\saved_addresses\presentation\manager\user_addresses_event.dart
DA:8,1
LF:1
LH:1
end_of_record
SF:lib\features\saved_addresses\presentation\manager\user_addresses_state.dart
DA:13,3
DA:23,1
DA:32,1
DA:33,1
DA:34,1
DA:35,1
DA:37,1
DA:39,1
DA:41,1
DA:43,1
DA:47,1
DA:48,1
DA:49,1
DA:50,1
DA:51,1
DA:52,1
DA:53,1
DA:54,1
DA:55,1
LF:19
LH:19
end_of_record
SF:lib\features\search\presentation\cubit\search_event.dart
DA:6,1
DA:12,0
DA:18,0
LF:3
LH:1
end_of_record
SF:lib\features\search\presentation\cubit\search_state.dart
DA:11,1
DA:20,1
DA:28,1
DA:29,0
DA:30,1
DA:31,1
DA:32,0
DA:33,1
DA:34,1
LF:9
LH:7
end_of_record
